<?xml version="1.0" encoding="UTF-8"?>
<!-- Generated by org.testng.reporters.JUnitReportReporter -->
<testsuite hostname="a" name="testScripts.ShortTermHourly" tests="20" failures="0" timestamp="6 Mar 2021 17:21:02 GMT" time="0.038" errors="20">
  <testcase name="TC09" time="0.001" classname="testScripts.ShortTermHourly">
    <error type="org.openqa.selenium.SessionNotCreatedException" message="session not created: This version of ChromeDriver only supports Chrome version 86
Current browser version is 88.0.4324.190 with binary path C:\Program Files (x86)\Google\Chrome\Application\chrome.exe
Build info: version: &#039;3.141.59&#039;, revision: &#039;e82be7d358&#039;, time: &#039;2018-11-14T08:17:03&#039;
System info: host: &#039;A&#039;, ip: &#039;192.168.1.15&#039;, os.name: &#039;Windows 10&#039;, os.arch: &#039;amd64&#039;, os.version: &#039;10.0&#039;, java.version: &#039;1.8.0_251&#039;
Driver info: driver.version: ChromeDriver
remote stacktrace: Backtrace:
	Ordinal0 [0x00E7C013+3194899]
	Ordinal0 [0x00D66021+2056225]
	Ordinal0 [0x00BFF608+587272]
	Ordinal0 [0x00B81BF3+72691]
	Ordinal0 [0x00B7E229+57897]
	Ordinal0 [0x00B7C64A+50762]
	Ordinal0 [0x00BA1EE9+204521]
	Ordinal0 [0x00BA1D0D+204045]
	Ordinal0 [0x00B9FC1B+195611]
	Ordinal0 [0x00B83B7F+80767]
	Ordinal0 [0x00B84B4E+84814]
	Ordinal0 [0x00B84AD9+84697]
	Ordinal0 [0x00D7CE64+2149988]
	GetHandleVerifier [0x00FEBE95+1400773]
	GetHandleVerifier [0x00FEBB61+1399953]
	GetHandleVerifier [0x00FF31FA+1430314]
	GetHandleVerifier [0x00FEC69F+1402831]
	Ordinal0 [0x00D73D61+2112865]
	Ordinal0 [0x00D7E5CB+2155979]
	Ordinal0 [0x00D7E6F5+2156277]
	Ordinal0 [0x00D8F26E+2224750]
	BaseThreadInitThunk [0x76A0FA29+25]
	RtlGetAppContainerNamedObjectPath [0x778B76B4+228]
	RtlGetAppContainerNamedObjectPath [0x778B7684+180]
">
      <![CDATA[org.openqa.selenium.SessionNotCreatedException: session not created: This version of ChromeDriver only supports Chrome version 86
Current browser version is 88.0.4324.190 with binary path C:\Program Files (x86)\Google\Chrome\Application\chrome.exe
Build info: version: '3.141.59', revision: 'e82be7d358', time: '2018-11-14T08:17:03'
System info: host: 'A', ip: '192.168.1.15', os.name: 'Windows 10', os.arch: 'amd64', os.version: '10.0', java.version: '1.8.0_251'
Driver info: driver.version: ChromeDriver
remote stacktrace: Backtrace:
	Ordinal0 [0x00E7C013+3194899]
	Ordinal0 [0x00D66021+2056225]
	Ordinal0 [0x00BFF608+587272]
	Ordinal0 [0x00B81BF3+72691]
	Ordinal0 [0x00B7E229+57897]
	Ordinal0 [0x00B7C64A+50762]
	Ordinal0 [0x00BA1EE9+204521]
	Ordinal0 [0x00BA1D0D+204045]
	Ordinal0 [0x00B9FC1B+195611]
	Ordinal0 [0x00B83B7F+80767]
	Ordinal0 [0x00B84B4E+84814]
	Ordinal0 [0x00B84AD9+84697]
	Ordinal0 [0x00D7CE64+2149988]
	GetHandleVerifier [0x00FEBE95+1400773]
	GetHandleVerifier [0x00FEBB61+1399953]
	GetHandleVerifier [0x00FF31FA+1430314]
	GetHandleVerifier [0x00FEC69F+1402831]
	Ordinal0 [0x00D73D61+2112865]
	Ordinal0 [0x00D7E5CB+2155979]
	Ordinal0 [0x00D7E6F5+2156277]
	Ordinal0 [0x00D8F26E+2224750]
	BaseThreadInitThunk [0x76A0FA29+25]
	RtlGetAppContainerNamedObjectPath [0x778B76B4+228]
	RtlGetAppContainerNamedObjectPath [0x778B7684+180]

	at sun.reflect.NativeConstructorAccessorImpl.newInstance0(Native Method)
	at sun.reflect.NativeConstructorAccessorImpl.newInstance(NativeConstructorAccessorImpl.java:62)
	at sun.reflect.DelegatingConstructorAccessorImpl.newInstance(DelegatingConstructorAccessorImpl.java:45)
	at java.lang.reflect.Constructor.newInstance(Constructor.java:423)
	at org.openqa.selenium.remote.W3CHandshakeResponse.lambda$errorHandler$0(W3CHandshakeResponse.java:62)
	at org.openqa.selenium.remote.HandshakeResponse.lambda$getResponseFunction$0(HandshakeResponse.java:30)
	at org.openqa.selenium.remote.ProtocolHandshake.lambda$createSession$0(ProtocolHandshake.java:126)
	at java.util.stream.ReferencePipeline$3$1.accept(ReferencePipeline.java:193)
	at java.util.Spliterators$ArraySpliterator.tryAdvance(Spliterators.java:958)
	at java.util.stream.ReferencePipeline.forEachWithCancel(ReferencePipeline.java:126)
	at java.util.stream.AbstractPipeline.copyIntoWithCancel(AbstractPipeline.java:499)
	at java.util.stream.AbstractPipeline.copyInto(AbstractPipeline.java:486)
	at java.util.stream.AbstractPipeline.wrapAndCopyInto(AbstractPipeline.java:472)
	at java.util.stream.FindOps$FindOp.evaluateSequential(FindOps.java:152)
	at java.util.stream.AbstractPipeline.evaluate(AbstractPipeline.java:234)
	at java.util.stream.ReferencePipeline.findFirst(ReferencePipeline.java:464)
	at org.openqa.selenium.remote.ProtocolHandshake.createSession(ProtocolHandshake.java:128)
	at org.openqa.selenium.remote.ProtocolHandshake.createSession(ProtocolHandshake.java:74)
	at org.openqa.selenium.remote.HttpCommandExecutor.execute(HttpCommandExecutor.java:136)
	at org.openqa.selenium.remote.service.DriverCommandExecutor.execute(DriverCommandExecutor.java:83)
	at org.openqa.selenium.remote.RemoteWebDriver.execute(RemoteWebDriver.java:552)
	at org.openqa.selenium.remote.RemoteWebDriver.startSession(RemoteWebDriver.java:213)
	at org.openqa.selenium.remote.RemoteWebDriver.<init>(RemoteWebDriver.java:131)
	at org.openqa.selenium.chrome.ChromeDriver.<init>(ChromeDriver.java:181)
	at org.openqa.selenium.chrome.ChromeDriver.<init>(ChromeDriver.java:168)
	at org.openqa.selenium.chrome.ChromeDriver.<init>(ChromeDriver.java:123)
	at configuration.BaseClass.setUp(BaseClass.java:51)
	at sun.reflect.NativeMethodAccessorImpl.invoke0(Native Method)
	at sun.reflect.NativeMethodAccessorImpl.invoke(NativeMethodAccessorImpl.java:62)
	at sun.reflect.DelegatingMethodAccessorImpl.invoke(DelegatingMethodAccessorImpl.java:43)
	at java.lang.reflect.Method.invoke(Method.java:498)
	at org.testng.internal.MethodInvocationHelper.invokeMethod(MethodInvocationHelper.java:86)
	at org.testng.internal.Invoker.invokeConfigurationMethod(Invoker.java:515)
	at org.testng.internal.Invoker.invokeConfigurations(Invoker.java:216)
	at org.testng.internal.Invoker.invokeConfigurations(Invoker.java:143)
	at org.testng.TestRunner.beforeRun(TestRunner.java:656)
	at org.testng.TestRunner.run(TestRunner.java:624)
	at org.testng.SuiteRunner.runTest(SuiteRunner.java:366)
	at org.testng.SuiteRunner.runSequentially(SuiteRunner.java:361)
	at org.testng.SuiteRunner.privateRun(SuiteRunner.java:319)
	at org.testng.SuiteRunner.run(SuiteRunner.java:268)
	at org.testng.SuiteRunnerWorker.runSuite(SuiteRunnerWorker.java:52)
	at org.testng.SuiteRunnerWorker.run(SuiteRunnerWorker.java:86)
	at org.testng.TestNG.runSuitesSequentially(TestNG.java:1225)
	at org.testng.TestNG.runSuitesLocally(TestNG.java:1150)
	at org.testng.TestNG.runSuites(TestNG.java:1075)
	at org.testng.TestNG.run(TestNG.java:1047)
	at org.testng.remote.AbstractRemoteTestNG.run(AbstractRemoteTestNG.java:126)
	at org.testng.remote.RemoteTestNG.initAndRun(RemoteTestNG.java:137)
	at org.testng.remote.RemoteTestNG.main(RemoteTestNG.java:58)
]]>
    </error>
  </testcase> <!-- TC09 -->
  <testcase name="TC19" time="0.001" classname="testScripts.ShortTermHourly">
    <error type="org.openqa.selenium.SessionNotCreatedException" message="session not created: This version of ChromeDriver only supports Chrome version 86
Current browser version is 88.0.4324.190 with binary path C:\Program Files (x86)\Google\Chrome\Application\chrome.exe
Build info: version: &#039;3.141.59&#039;, revision: &#039;e82be7d358&#039;, time: &#039;2018-11-14T08:17:03&#039;
System info: host: &#039;A&#039;, ip: &#039;192.168.1.15&#039;, os.name: &#039;Windows 10&#039;, os.arch: &#039;amd64&#039;, os.version: &#039;10.0&#039;, java.version: &#039;1.8.0_251&#039;
Driver info: driver.version: ChromeDriver
remote stacktrace: Backtrace:
	Ordinal0 [0x00E7C013+3194899]
	Ordinal0 [0x00D66021+2056225]
	Ordinal0 [0x00BFF608+587272]
	Ordinal0 [0x00B81BF3+72691]
	Ordinal0 [0x00B7E229+57897]
	Ordinal0 [0x00B7C64A+50762]
	Ordinal0 [0x00BA1EE9+204521]
	Ordinal0 [0x00BA1D0D+204045]
	Ordinal0 [0x00B9FC1B+195611]
	Ordinal0 [0x00B83B7F+80767]
	Ordinal0 [0x00B84B4E+84814]
	Ordinal0 [0x00B84AD9+84697]
	Ordinal0 [0x00D7CE64+2149988]
	GetHandleVerifier [0x00FEBE95+1400773]
	GetHandleVerifier [0x00FEBB61+1399953]
	GetHandleVerifier [0x00FF31FA+1430314]
	GetHandleVerifier [0x00FEC69F+1402831]
	Ordinal0 [0x00D73D61+2112865]
	Ordinal0 [0x00D7E5CB+2155979]
	Ordinal0 [0x00D7E6F5+2156277]
	Ordinal0 [0x00D8F26E+2224750]
	BaseThreadInitThunk [0x76A0FA29+25]
	RtlGetAppContainerNamedObjectPath [0x778B76B4+228]
	RtlGetAppContainerNamedObjectPath [0x778B7684+180]
">
      <![CDATA[org.openqa.selenium.SessionNotCreatedException: session not created: This version of ChromeDriver only supports Chrome version 86
Current browser version is 88.0.4324.190 with binary path C:\Program Files (x86)\Google\Chrome\Application\chrome.exe
Build info: version: '3.141.59', revision: 'e82be7d358', time: '2018-11-14T08:17:03'
System info: host: 'A', ip: '192.168.1.15', os.name: 'Windows 10', os.arch: 'amd64', os.version: '10.0', java.version: '1.8.0_251'
Driver info: driver.version: ChromeDriver
remote stacktrace: Backtrace:
	Ordinal0 [0x00E7C013+3194899]
	Ordinal0 [0x00D66021+2056225]
	Ordinal0 [0x00BFF608+587272]
	Ordinal0 [0x00B81BF3+72691]
	Ordinal0 [0x00B7E229+57897]
	Ordinal0 [0x00B7C64A+50762]
	Ordinal0 [0x00BA1EE9+204521]
	Ordinal0 [0x00BA1D0D+204045]
	Ordinal0 [0x00B9FC1B+195611]
	Ordinal0 [0x00B83B7F+80767]
	Ordinal0 [0x00B84B4E+84814]
	Ordinal0 [0x00B84AD9+84697]
	Ordinal0 [0x00D7CE64+2149988]
	GetHandleVerifier [0x00FEBE95+1400773]
	GetHandleVerifier [0x00FEBB61+1399953]
	GetHandleVerifier [0x00FF31FA+1430314]
	GetHandleVerifier [0x00FEC69F+1402831]
	Ordinal0 [0x00D73D61+2112865]
	Ordinal0 [0x00D7E5CB+2155979]
	Ordinal0 [0x00D7E6F5+2156277]
	Ordinal0 [0x00D8F26E+2224750]
	BaseThreadInitThunk [0x76A0FA29+25]
	RtlGetAppContainerNamedObjectPath [0x778B76B4+228]
	RtlGetAppContainerNamedObjectPath [0x778B7684+180]

	at sun.reflect.NativeConstructorAccessorImpl.newInstance0(Native Method)
	at sun.reflect.NativeConstructorAccessorImpl.newInstance(NativeConstructorAccessorImpl.java:62)
	at sun.reflect.DelegatingConstructorAccessorImpl.newInstance(DelegatingConstructorAccessorImpl.java:45)
	at java.lang.reflect.Constructor.newInstance(Constructor.java:423)
	at org.openqa.selenium.remote.W3CHandshakeResponse.lambda$errorHandler$0(W3CHandshakeResponse.java:62)
	at org.openqa.selenium.remote.HandshakeResponse.lambda$getResponseFunction$0(HandshakeResponse.java:30)
	at org.openqa.selenium.remote.ProtocolHandshake.lambda$createSession$0(ProtocolHandshake.java:126)
	at java.util.stream.ReferencePipeline$3$1.accept(ReferencePipeline.java:193)
	at java.util.Spliterators$ArraySpliterator.tryAdvance(Spliterators.java:958)
	at java.util.stream.ReferencePipeline.forEachWithCancel(ReferencePipeline.java:126)
	at java.util.stream.AbstractPipeline.copyIntoWithCancel(AbstractPipeline.java:499)
	at java.util.stream.AbstractPipeline.copyInto(AbstractPipeline.java:486)
	at java.util.stream.AbstractPipeline.wrapAndCopyInto(AbstractPipeline.java:472)
	at java.util.stream.FindOps$FindOp.evaluateSequential(FindOps.java:152)
	at java.util.stream.AbstractPipeline.evaluate(AbstractPipeline.java:234)
	at java.util.stream.ReferencePipeline.findFirst(ReferencePipeline.java:464)
	at org.openqa.selenium.remote.ProtocolHandshake.createSession(ProtocolHandshake.java:128)
	at org.openqa.selenium.remote.ProtocolHandshake.createSession(ProtocolHandshake.java:74)
	at org.openqa.selenium.remote.HttpCommandExecutor.execute(HttpCommandExecutor.java:136)
	at org.openqa.selenium.remote.service.DriverCommandExecutor.execute(DriverCommandExecutor.java:83)
	at org.openqa.selenium.remote.RemoteWebDriver.execute(RemoteWebDriver.java:552)
	at org.openqa.selenium.remote.RemoteWebDriver.startSession(RemoteWebDriver.java:213)
	at org.openqa.selenium.remote.RemoteWebDriver.<init>(RemoteWebDriver.java:131)
	at org.openqa.selenium.chrome.ChromeDriver.<init>(ChromeDriver.java:181)
	at org.openqa.selenium.chrome.ChromeDriver.<init>(ChromeDriver.java:168)
	at org.openqa.selenium.chrome.ChromeDriver.<init>(ChromeDriver.java:123)
	at configuration.BaseClass.setUp(BaseClass.java:51)
	at sun.reflect.NativeMethodAccessorImpl.invoke0(Native Method)
	at sun.reflect.NativeMethodAccessorImpl.invoke(NativeMethodAccessorImpl.java:62)
	at sun.reflect.DelegatingMethodAccessorImpl.invoke(DelegatingMethodAccessorImpl.java:43)
	at java.lang.reflect.Method.invoke(Method.java:498)
	at org.testng.internal.MethodInvocationHelper.invokeMethod(MethodInvocationHelper.java:86)
	at org.testng.internal.Invoker.invokeConfigurationMethod(Invoker.java:515)
	at org.testng.internal.Invoker.invokeConfigurations(Invoker.java:216)
	at org.testng.internal.Invoker.invokeConfigurations(Invoker.java:143)
	at org.testng.TestRunner.beforeRun(TestRunner.java:656)
	at org.testng.TestRunner.run(TestRunner.java:624)
	at org.testng.SuiteRunner.runTest(SuiteRunner.java:366)
	at org.testng.SuiteRunner.runSequentially(SuiteRunner.java:361)
	at org.testng.SuiteRunner.privateRun(SuiteRunner.java:319)
	at org.testng.SuiteRunner.run(SuiteRunner.java:268)
	at org.testng.SuiteRunnerWorker.runSuite(SuiteRunnerWorker.java:52)
	at org.testng.SuiteRunnerWorker.run(SuiteRunnerWorker.java:86)
	at org.testng.TestNG.runSuitesSequentially(TestNG.java:1225)
	at org.testng.TestNG.runSuitesLocally(TestNG.java:1150)
	at org.testng.TestNG.runSuites(TestNG.java:1075)
	at org.testng.TestNG.run(TestNG.java:1047)
	at org.testng.remote.AbstractRemoteTestNG.run(AbstractRemoteTestNG.java:126)
	at org.testng.remote.RemoteTestNG.initAndRun(RemoteTestNG.java:137)
	at org.testng.remote.RemoteTestNG.main(RemoteTestNG.java:58)
]]>
    </error>
  </testcase> <!-- TC19 -->
  <testcase name="TC12" time="0.002" classname="testScripts.ShortTermHourly">
    <error type="org.openqa.selenium.SessionNotCreatedException" message="session not created: This version of ChromeDriver only supports Chrome version 86
Current browser version is 88.0.4324.190 with binary path C:\Program Files (x86)\Google\Chrome\Application\chrome.exe
Build info: version: &#039;3.141.59&#039;, revision: &#039;e82be7d358&#039;, time: &#039;2018-11-14T08:17:03&#039;
System info: host: &#039;A&#039;, ip: &#039;192.168.1.15&#039;, os.name: &#039;Windows 10&#039;, os.arch: &#039;amd64&#039;, os.version: &#039;10.0&#039;, java.version: &#039;1.8.0_251&#039;
Driver info: driver.version: ChromeDriver
remote stacktrace: Backtrace:
	Ordinal0 [0x00E7C013+3194899]
	Ordinal0 [0x00D66021+2056225]
	Ordinal0 [0x00BFF608+587272]
	Ordinal0 [0x00B81BF3+72691]
	Ordinal0 [0x00B7E229+57897]
	Ordinal0 [0x00B7C64A+50762]
	Ordinal0 [0x00BA1EE9+204521]
	Ordinal0 [0x00BA1D0D+204045]
	Ordinal0 [0x00B9FC1B+195611]
	Ordinal0 [0x00B83B7F+80767]
	Ordinal0 [0x00B84B4E+84814]
	Ordinal0 [0x00B84AD9+84697]
	Ordinal0 [0x00D7CE64+2149988]
	GetHandleVerifier [0x00FEBE95+1400773]
	GetHandleVerifier [0x00FEBB61+1399953]
	GetHandleVerifier [0x00FF31FA+1430314]
	GetHandleVerifier [0x00FEC69F+1402831]
	Ordinal0 [0x00D73D61+2112865]
	Ordinal0 [0x00D7E5CB+2155979]
	Ordinal0 [0x00D7E6F5+2156277]
	Ordinal0 [0x00D8F26E+2224750]
	BaseThreadInitThunk [0x76A0FA29+25]
	RtlGetAppContainerNamedObjectPath [0x778B76B4+228]
	RtlGetAppContainerNamedObjectPath [0x778B7684+180]
">
      <![CDATA[org.openqa.selenium.SessionNotCreatedException: session not created: This version of ChromeDriver only supports Chrome version 86
Current browser version is 88.0.4324.190 with binary path C:\Program Files (x86)\Google\Chrome\Application\chrome.exe
Build info: version: '3.141.59', revision: 'e82be7d358', time: '2018-11-14T08:17:03'
System info: host: 'A', ip: '192.168.1.15', os.name: 'Windows 10', os.arch: 'amd64', os.version: '10.0', java.version: '1.8.0_251'
Driver info: driver.version: ChromeDriver
remote stacktrace: Backtrace:
	Ordinal0 [0x00E7C013+3194899]
	Ordinal0 [0x00D66021+2056225]
	Ordinal0 [0x00BFF608+587272]
	Ordinal0 [0x00B81BF3+72691]
	Ordinal0 [0x00B7E229+57897]
	Ordinal0 [0x00B7C64A+50762]
	Ordinal0 [0x00BA1EE9+204521]
	Ordinal0 [0x00BA1D0D+204045]
	Ordinal0 [0x00B9FC1B+195611]
	Ordinal0 [0x00B83B7F+80767]
	Ordinal0 [0x00B84B4E+84814]
	Ordinal0 [0x00B84AD9+84697]
	Ordinal0 [0x00D7CE64+2149988]
	GetHandleVerifier [0x00FEBE95+1400773]
	GetHandleVerifier [0x00FEBB61+1399953]
	GetHandleVerifier [0x00FF31FA+1430314]
	GetHandleVerifier [0x00FEC69F+1402831]
	Ordinal0 [0x00D73D61+2112865]
	Ordinal0 [0x00D7E5CB+2155979]
	Ordinal0 [0x00D7E6F5+2156277]
	Ordinal0 [0x00D8F26E+2224750]
	BaseThreadInitThunk [0x76A0FA29+25]
	RtlGetAppContainerNamedObjectPath [0x778B76B4+228]
	RtlGetAppContainerNamedObjectPath [0x778B7684+180]

	at sun.reflect.NativeConstructorAccessorImpl.newInstance0(Native Method)
	at sun.reflect.NativeConstructorAccessorImpl.newInstance(NativeConstructorAccessorImpl.java:62)
	at sun.reflect.DelegatingConstructorAccessorImpl.newInstance(DelegatingConstructorAccessorImpl.java:45)
	at java.lang.reflect.Constructor.newInstance(Constructor.java:423)
	at org.openqa.selenium.remote.W3CHandshakeResponse.lambda$errorHandler$0(W3CHandshakeResponse.java:62)
	at org.openqa.selenium.remote.HandshakeResponse.lambda$getResponseFunction$0(HandshakeResponse.java:30)
	at org.openqa.selenium.remote.ProtocolHandshake.lambda$createSession$0(ProtocolHandshake.java:126)
	at java.util.stream.ReferencePipeline$3$1.accept(ReferencePipeline.java:193)
	at java.util.Spliterators$ArraySpliterator.tryAdvance(Spliterators.java:958)
	at java.util.stream.ReferencePipeline.forEachWithCancel(ReferencePipeline.java:126)
	at java.util.stream.AbstractPipeline.copyIntoWithCancel(AbstractPipeline.java:499)
	at java.util.stream.AbstractPipeline.copyInto(AbstractPipeline.java:486)
	at java.util.stream.AbstractPipeline.wrapAndCopyInto(AbstractPipeline.java:472)
	at java.util.stream.FindOps$FindOp.evaluateSequential(FindOps.java:152)
	at java.util.stream.AbstractPipeline.evaluate(AbstractPipeline.java:234)
	at java.util.stream.ReferencePipeline.findFirst(ReferencePipeline.java:464)
	at org.openqa.selenium.remote.ProtocolHandshake.createSession(ProtocolHandshake.java:128)
	at org.openqa.selenium.remote.ProtocolHandshake.createSession(ProtocolHandshake.java:74)
	at org.openqa.selenium.remote.HttpCommandExecutor.execute(HttpCommandExecutor.java:136)
	at org.openqa.selenium.remote.service.DriverCommandExecutor.execute(DriverCommandExecutor.java:83)
	at org.openqa.selenium.remote.RemoteWebDriver.execute(RemoteWebDriver.java:552)
	at org.openqa.selenium.remote.RemoteWebDriver.startSession(RemoteWebDriver.java:213)
	at org.openqa.selenium.remote.RemoteWebDriver.<init>(RemoteWebDriver.java:131)
	at org.openqa.selenium.chrome.ChromeDriver.<init>(ChromeDriver.java:181)
	at org.openqa.selenium.chrome.ChromeDriver.<init>(ChromeDriver.java:168)
	at org.openqa.selenium.chrome.ChromeDriver.<init>(ChromeDriver.java:123)
	at configuration.BaseClass.setUp(BaseClass.java:51)
	at sun.reflect.NativeMethodAccessorImpl.invoke0(Native Method)
	at sun.reflect.NativeMethodAccessorImpl.invoke(NativeMethodAccessorImpl.java:62)
	at sun.reflect.DelegatingMethodAccessorImpl.invoke(DelegatingMethodAccessorImpl.java:43)
	at java.lang.reflect.Method.invoke(Method.java:498)
	at org.testng.internal.MethodInvocationHelper.invokeMethod(MethodInvocationHelper.java:86)
	at org.testng.internal.Invoker.invokeConfigurationMethod(Invoker.java:515)
	at org.testng.internal.Invoker.invokeConfigurations(Invoker.java:216)
	at org.testng.internal.Invoker.invokeConfigurations(Invoker.java:143)
	at org.testng.TestRunner.beforeRun(TestRunner.java:656)
	at org.testng.TestRunner.run(TestRunner.java:624)
	at org.testng.SuiteRunner.runTest(SuiteRunner.java:366)
	at org.testng.SuiteRunner.runSequentially(SuiteRunner.java:361)
	at org.testng.SuiteRunner.privateRun(SuiteRunner.java:319)
	at org.testng.SuiteRunner.run(SuiteRunner.java:268)
	at org.testng.SuiteRunnerWorker.runSuite(SuiteRunnerWorker.java:52)
	at org.testng.SuiteRunnerWorker.run(SuiteRunnerWorker.java:86)
	at org.testng.TestNG.runSuitesSequentially(TestNG.java:1225)
	at org.testng.TestNG.runSuitesLocally(TestNG.java:1150)
	at org.testng.TestNG.runSuites(TestNG.java:1075)
	at org.testng.TestNG.run(TestNG.java:1047)
	at org.testng.remote.AbstractRemoteTestNG.run(AbstractRemoteTestNG.java:126)
	at org.testng.remote.RemoteTestNG.initAndRun(RemoteTestNG.java:137)
	at org.testng.remote.RemoteTestNG.main(RemoteTestNG.java:58)
]]>
    </error>
  </testcase> <!-- TC12 -->
  <testcase name="TC10" time="0.003" classname="testScripts.ShortTermHourly">
    <error type="org.openqa.selenium.SessionNotCreatedException" message="session not created: This version of ChromeDriver only supports Chrome version 86
Current browser version is 88.0.4324.190 with binary path C:\Program Files (x86)\Google\Chrome\Application\chrome.exe
Build info: version: &#039;3.141.59&#039;, revision: &#039;e82be7d358&#039;, time: &#039;2018-11-14T08:17:03&#039;
System info: host: &#039;A&#039;, ip: &#039;192.168.1.15&#039;, os.name: &#039;Windows 10&#039;, os.arch: &#039;amd64&#039;, os.version: &#039;10.0&#039;, java.version: &#039;1.8.0_251&#039;
Driver info: driver.version: ChromeDriver
remote stacktrace: Backtrace:
	Ordinal0 [0x00E7C013+3194899]
	Ordinal0 [0x00D66021+2056225]
	Ordinal0 [0x00BFF608+587272]
	Ordinal0 [0x00B81BF3+72691]
	Ordinal0 [0x00B7E229+57897]
	Ordinal0 [0x00B7C64A+50762]
	Ordinal0 [0x00BA1EE9+204521]
	Ordinal0 [0x00BA1D0D+204045]
	Ordinal0 [0x00B9FC1B+195611]
	Ordinal0 [0x00B83B7F+80767]
	Ordinal0 [0x00B84B4E+84814]
	Ordinal0 [0x00B84AD9+84697]
	Ordinal0 [0x00D7CE64+2149988]
	GetHandleVerifier [0x00FEBE95+1400773]
	GetHandleVerifier [0x00FEBB61+1399953]
	GetHandleVerifier [0x00FF31FA+1430314]
	GetHandleVerifier [0x00FEC69F+1402831]
	Ordinal0 [0x00D73D61+2112865]
	Ordinal0 [0x00D7E5CB+2155979]
	Ordinal0 [0x00D7E6F5+2156277]
	Ordinal0 [0x00D8F26E+2224750]
	BaseThreadInitThunk [0x76A0FA29+25]
	RtlGetAppContainerNamedObjectPath [0x778B76B4+228]
	RtlGetAppContainerNamedObjectPath [0x778B7684+180]
">
      <![CDATA[org.openqa.selenium.SessionNotCreatedException: session not created: This version of ChromeDriver only supports Chrome version 86
Current browser version is 88.0.4324.190 with binary path C:\Program Files (x86)\Google\Chrome\Application\chrome.exe
Build info: version: '3.141.59', revision: 'e82be7d358', time: '2018-11-14T08:17:03'
System info: host: 'A', ip: '192.168.1.15', os.name: 'Windows 10', os.arch: 'amd64', os.version: '10.0', java.version: '1.8.0_251'
Driver info: driver.version: ChromeDriver
remote stacktrace: Backtrace:
	Ordinal0 [0x00E7C013+3194899]
	Ordinal0 [0x00D66021+2056225]
	Ordinal0 [0x00BFF608+587272]
	Ordinal0 [0x00B81BF3+72691]
	Ordinal0 [0x00B7E229+57897]
	Ordinal0 [0x00B7C64A+50762]
	Ordinal0 [0x00BA1EE9+204521]
	Ordinal0 [0x00BA1D0D+204045]
	Ordinal0 [0x00B9FC1B+195611]
	Ordinal0 [0x00B83B7F+80767]
	Ordinal0 [0x00B84B4E+84814]
	Ordinal0 [0x00B84AD9+84697]
	Ordinal0 [0x00D7CE64+2149988]
	GetHandleVerifier [0x00FEBE95+1400773]
	GetHandleVerifier [0x00FEBB61+1399953]
	GetHandleVerifier [0x00FF31FA+1430314]
	GetHandleVerifier [0x00FEC69F+1402831]
	Ordinal0 [0x00D73D61+2112865]
	Ordinal0 [0x00D7E5CB+2155979]
	Ordinal0 [0x00D7E6F5+2156277]
	Ordinal0 [0x00D8F26E+2224750]
	BaseThreadInitThunk [0x76A0FA29+25]
	RtlGetAppContainerNamedObjectPath [0x778B76B4+228]
	RtlGetAppContainerNamedObjectPath [0x778B7684+180]

	at sun.reflect.NativeConstructorAccessorImpl.newInstance0(Native Method)
	at sun.reflect.NativeConstructorAccessorImpl.newInstance(NativeConstructorAccessorImpl.java:62)
	at sun.reflect.DelegatingConstructorAccessorImpl.newInstance(DelegatingConstructorAccessorImpl.java:45)
	at java.lang.reflect.Constructor.newInstance(Constructor.java:423)
	at org.openqa.selenium.remote.W3CHandshakeResponse.lambda$errorHandler$0(W3CHandshakeResponse.java:62)
	at org.openqa.selenium.remote.HandshakeResponse.lambda$getResponseFunction$0(HandshakeResponse.java:30)
	at org.openqa.selenium.remote.ProtocolHandshake.lambda$createSession$0(ProtocolHandshake.java:126)
	at java.util.stream.ReferencePipeline$3$1.accept(ReferencePipeline.java:193)
	at java.util.Spliterators$ArraySpliterator.tryAdvance(Spliterators.java:958)
	at java.util.stream.ReferencePipeline.forEachWithCancel(ReferencePipeline.java:126)
	at java.util.stream.AbstractPipeline.copyIntoWithCancel(AbstractPipeline.java:499)
	at java.util.stream.AbstractPipeline.copyInto(AbstractPipeline.java:486)
	at java.util.stream.AbstractPipeline.wrapAndCopyInto(AbstractPipeline.java:472)
	at java.util.stream.FindOps$FindOp.evaluateSequential(FindOps.java:152)
	at java.util.stream.AbstractPipeline.evaluate(AbstractPipeline.java:234)
	at java.util.stream.ReferencePipeline.findFirst(ReferencePipeline.java:464)
	at org.openqa.selenium.remote.ProtocolHandshake.createSession(ProtocolHandshake.java:128)
	at org.openqa.selenium.remote.ProtocolHandshake.createSession(ProtocolHandshake.java:74)
	at org.openqa.selenium.remote.HttpCommandExecutor.execute(HttpCommandExecutor.java:136)
	at org.openqa.selenium.remote.service.DriverCommandExecutor.execute(DriverCommandExecutor.java:83)
	at org.openqa.selenium.remote.RemoteWebDriver.execute(RemoteWebDriver.java:552)
	at org.openqa.selenium.remote.RemoteWebDriver.startSession(RemoteWebDriver.java:213)
	at org.openqa.selenium.remote.RemoteWebDriver.<init>(RemoteWebDriver.java:131)
	at org.openqa.selenium.chrome.ChromeDriver.<init>(ChromeDriver.java:181)
	at org.openqa.selenium.chrome.ChromeDriver.<init>(ChromeDriver.java:168)
	at org.openqa.selenium.chrome.ChromeDriver.<init>(ChromeDriver.java:123)
	at configuration.BaseClass.setUp(BaseClass.java:51)
	at sun.reflect.NativeMethodAccessorImpl.invoke0(Native Method)
	at sun.reflect.NativeMethodAccessorImpl.invoke(NativeMethodAccessorImpl.java:62)
	at sun.reflect.DelegatingMethodAccessorImpl.invoke(DelegatingMethodAccessorImpl.java:43)
	at java.lang.reflect.Method.invoke(Method.java:498)
	at org.testng.internal.MethodInvocationHelper.invokeMethod(MethodInvocationHelper.java:86)
	at org.testng.internal.Invoker.invokeConfigurationMethod(Invoker.java:515)
	at org.testng.internal.Invoker.invokeConfigurations(Invoker.java:216)
	at org.testng.internal.Invoker.invokeConfigurations(Invoker.java:143)
	at org.testng.TestRunner.beforeRun(TestRunner.java:656)
	at org.testng.TestRunner.run(TestRunner.java:624)
	at org.testng.SuiteRunner.runTest(SuiteRunner.java:366)
	at org.testng.SuiteRunner.runSequentially(SuiteRunner.java:361)
	at org.testng.SuiteRunner.privateRun(SuiteRunner.java:319)
	at org.testng.SuiteRunner.run(SuiteRunner.java:268)
	at org.testng.SuiteRunnerWorker.runSuite(SuiteRunnerWorker.java:52)
	at org.testng.SuiteRunnerWorker.run(SuiteRunnerWorker.java:86)
	at org.testng.TestNG.runSuitesSequentially(TestNG.java:1225)
	at org.testng.TestNG.runSuitesLocally(TestNG.java:1150)
	at org.testng.TestNG.runSuites(TestNG.java:1075)
	at org.testng.TestNG.run(TestNG.java:1047)
	at org.testng.remote.AbstractRemoteTestNG.run(AbstractRemoteTestNG.java:126)
	at org.testng.remote.RemoteTestNG.initAndRun(RemoteTestNG.java:137)
	at org.testng.remote.RemoteTestNG.main(RemoteTestNG.java:58)
]]>
    </error>
  </testcase> <!-- TC10 -->
  <testcase name="TC06" time="0.002" classname="testScripts.ShortTermHourly">
    <error type="org.openqa.selenium.SessionNotCreatedException" message="session not created: This version of ChromeDriver only supports Chrome version 86
Current browser version is 88.0.4324.190 with binary path C:\Program Files (x86)\Google\Chrome\Application\chrome.exe
Build info: version: &#039;3.141.59&#039;, revision: &#039;e82be7d358&#039;, time: &#039;2018-11-14T08:17:03&#039;
System info: host: &#039;A&#039;, ip: &#039;192.168.1.15&#039;, os.name: &#039;Windows 10&#039;, os.arch: &#039;amd64&#039;, os.version: &#039;10.0&#039;, java.version: &#039;1.8.0_251&#039;
Driver info: driver.version: ChromeDriver
remote stacktrace: Backtrace:
	Ordinal0 [0x00E7C013+3194899]
	Ordinal0 [0x00D66021+2056225]
	Ordinal0 [0x00BFF608+587272]
	Ordinal0 [0x00B81BF3+72691]
	Ordinal0 [0x00B7E229+57897]
	Ordinal0 [0x00B7C64A+50762]
	Ordinal0 [0x00BA1EE9+204521]
	Ordinal0 [0x00BA1D0D+204045]
	Ordinal0 [0x00B9FC1B+195611]
	Ordinal0 [0x00B83B7F+80767]
	Ordinal0 [0x00B84B4E+84814]
	Ordinal0 [0x00B84AD9+84697]
	Ordinal0 [0x00D7CE64+2149988]
	GetHandleVerifier [0x00FEBE95+1400773]
	GetHandleVerifier [0x00FEBB61+1399953]
	GetHandleVerifier [0x00FF31FA+1430314]
	GetHandleVerifier [0x00FEC69F+1402831]
	Ordinal0 [0x00D73D61+2112865]
	Ordinal0 [0x00D7E5CB+2155979]
	Ordinal0 [0x00D7E6F5+2156277]
	Ordinal0 [0x00D8F26E+2224750]
	BaseThreadInitThunk [0x76A0FA29+25]
	RtlGetAppContainerNamedObjectPath [0x778B76B4+228]
	RtlGetAppContainerNamedObjectPath [0x778B7684+180]
">
      <![CDATA[org.openqa.selenium.SessionNotCreatedException: session not created: This version of ChromeDriver only supports Chrome version 86
Current browser version is 88.0.4324.190 with binary path C:\Program Files (x86)\Google\Chrome\Application\chrome.exe
Build info: version: '3.141.59', revision: 'e82be7d358', time: '2018-11-14T08:17:03'
System info: host: 'A', ip: '192.168.1.15', os.name: 'Windows 10', os.arch: 'amd64', os.version: '10.0', java.version: '1.8.0_251'
Driver info: driver.version: ChromeDriver
remote stacktrace: Backtrace:
	Ordinal0 [0x00E7C013+3194899]
	Ordinal0 [0x00D66021+2056225]
	Ordinal0 [0x00BFF608+587272]
	Ordinal0 [0x00B81BF3+72691]
	Ordinal0 [0x00B7E229+57897]
	Ordinal0 [0x00B7C64A+50762]
	Ordinal0 [0x00BA1EE9+204521]
	Ordinal0 [0x00BA1D0D+204045]
	Ordinal0 [0x00B9FC1B+195611]
	Ordinal0 [0x00B83B7F+80767]
	Ordinal0 [0x00B84B4E+84814]
	Ordinal0 [0x00B84AD9+84697]
	Ordinal0 [0x00D7CE64+2149988]
	GetHandleVerifier [0x00FEBE95+1400773]
	GetHandleVerifier [0x00FEBB61+1399953]
	GetHandleVerifier [0x00FF31FA+1430314]
	GetHandleVerifier [0x00FEC69F+1402831]
	Ordinal0 [0x00D73D61+2112865]
	Ordinal0 [0x00D7E5CB+2155979]
	Ordinal0 [0x00D7E6F5+2156277]
	Ordinal0 [0x00D8F26E+2224750]
	BaseThreadInitThunk [0x76A0FA29+25]
	RtlGetAppContainerNamedObjectPath [0x778B76B4+228]
	RtlGetAppContainerNamedObjectPath [0x778B7684+180]

	at sun.reflect.NativeConstructorAccessorImpl.newInstance0(Native Method)
	at sun.reflect.NativeConstructorAccessorImpl.newInstance(NativeConstructorAccessorImpl.java:62)
	at sun.reflect.DelegatingConstructorAccessorImpl.newInstance(DelegatingConstructorAccessorImpl.java:45)
	at java.lang.reflect.Constructor.newInstance(Constructor.java:423)
	at org.openqa.selenium.remote.W3CHandshakeResponse.lambda$errorHandler$0(W3CHandshakeResponse.java:62)
	at org.openqa.selenium.remote.HandshakeResponse.lambda$getResponseFunction$0(HandshakeResponse.java:30)
	at org.openqa.selenium.remote.ProtocolHandshake.lambda$createSession$0(ProtocolHandshake.java:126)
	at java.util.stream.ReferencePipeline$3$1.accept(ReferencePipeline.java:193)
	at java.util.Spliterators$ArraySpliterator.tryAdvance(Spliterators.java:958)
	at java.util.stream.ReferencePipeline.forEachWithCancel(ReferencePipeline.java:126)
	at java.util.stream.AbstractPipeline.copyIntoWithCancel(AbstractPipeline.java:499)
	at java.util.stream.AbstractPipeline.copyInto(AbstractPipeline.java:486)
	at java.util.stream.AbstractPipeline.wrapAndCopyInto(AbstractPipeline.java:472)
	at java.util.stream.FindOps$FindOp.evaluateSequential(FindOps.java:152)
	at java.util.stream.AbstractPipeline.evaluate(AbstractPipeline.java:234)
	at java.util.stream.ReferencePipeline.findFirst(ReferencePipeline.java:464)
	at org.openqa.selenium.remote.ProtocolHandshake.createSession(ProtocolHandshake.java:128)
	at org.openqa.selenium.remote.ProtocolHandshake.createSession(ProtocolHandshake.java:74)
	at org.openqa.selenium.remote.HttpCommandExecutor.execute(HttpCommandExecutor.java:136)
	at org.openqa.selenium.remote.service.DriverCommandExecutor.execute(DriverCommandExecutor.java:83)
	at org.openqa.selenium.remote.RemoteWebDriver.execute(RemoteWebDriver.java:552)
	at org.openqa.selenium.remote.RemoteWebDriver.startSession(RemoteWebDriver.java:213)
	at org.openqa.selenium.remote.RemoteWebDriver.<init>(RemoteWebDriver.java:131)
	at org.openqa.selenium.chrome.ChromeDriver.<init>(ChromeDriver.java:181)
	at org.openqa.selenium.chrome.ChromeDriver.<init>(ChromeDriver.java:168)
	at org.openqa.selenium.chrome.ChromeDriver.<init>(ChromeDriver.java:123)
	at configuration.BaseClass.setUp(BaseClass.java:51)
	at sun.reflect.NativeMethodAccessorImpl.invoke0(Native Method)
	at sun.reflect.NativeMethodAccessorImpl.invoke(NativeMethodAccessorImpl.java:62)
	at sun.reflect.DelegatingMethodAccessorImpl.invoke(DelegatingMethodAccessorImpl.java:43)
	at java.lang.reflect.Method.invoke(Method.java:498)
	at org.testng.internal.MethodInvocationHelper.invokeMethod(MethodInvocationHelper.java:86)
	at org.testng.internal.Invoker.invokeConfigurationMethod(Invoker.java:515)
	at org.testng.internal.Invoker.invokeConfigurations(Invoker.java:216)
	at org.testng.internal.Invoker.invokeConfigurations(Invoker.java:143)
	at org.testng.TestRunner.beforeRun(TestRunner.java:656)
	at org.testng.TestRunner.run(TestRunner.java:624)
	at org.testng.SuiteRunner.runTest(SuiteRunner.java:366)
	at org.testng.SuiteRunner.runSequentially(SuiteRunner.java:361)
	at org.testng.SuiteRunner.privateRun(SuiteRunner.java:319)
	at org.testng.SuiteRunner.run(SuiteRunner.java:268)
	at org.testng.SuiteRunnerWorker.runSuite(SuiteRunnerWorker.java:52)
	at org.testng.SuiteRunnerWorker.run(SuiteRunnerWorker.java:86)
	at org.testng.TestNG.runSuitesSequentially(TestNG.java:1225)
	at org.testng.TestNG.runSuitesLocally(TestNG.java:1150)
	at org.testng.TestNG.runSuites(TestNG.java:1075)
	at org.testng.TestNG.run(TestNG.java:1047)
	at org.testng.remote.AbstractRemoteTestNG.run(AbstractRemoteTestNG.java:126)
	at org.testng.remote.RemoteTestNG.initAndRun(RemoteTestNG.java:137)
	at org.testng.remote.RemoteTestNG.main(RemoteTestNG.java:58)
]]>
    </error>
  </testcase> <!-- TC06 -->
  <testcase name="TC03" time="0.002" classname="testScripts.ShortTermHourly">
    <error type="org.openqa.selenium.SessionNotCreatedException" message="session not created: This version of ChromeDriver only supports Chrome version 86
Current browser version is 88.0.4324.190 with binary path C:\Program Files (x86)\Google\Chrome\Application\chrome.exe
Build info: version: &#039;3.141.59&#039;, revision: &#039;e82be7d358&#039;, time: &#039;2018-11-14T08:17:03&#039;
System info: host: &#039;A&#039;, ip: &#039;192.168.1.15&#039;, os.name: &#039;Windows 10&#039;, os.arch: &#039;amd64&#039;, os.version: &#039;10.0&#039;, java.version: &#039;1.8.0_251&#039;
Driver info: driver.version: ChromeDriver
remote stacktrace: Backtrace:
	Ordinal0 [0x00E7C013+3194899]
	Ordinal0 [0x00D66021+2056225]
	Ordinal0 [0x00BFF608+587272]
	Ordinal0 [0x00B81BF3+72691]
	Ordinal0 [0x00B7E229+57897]
	Ordinal0 [0x00B7C64A+50762]
	Ordinal0 [0x00BA1EE9+204521]
	Ordinal0 [0x00BA1D0D+204045]
	Ordinal0 [0x00B9FC1B+195611]
	Ordinal0 [0x00B83B7F+80767]
	Ordinal0 [0x00B84B4E+84814]
	Ordinal0 [0x00B84AD9+84697]
	Ordinal0 [0x00D7CE64+2149988]
	GetHandleVerifier [0x00FEBE95+1400773]
	GetHandleVerifier [0x00FEBB61+1399953]
	GetHandleVerifier [0x00FF31FA+1430314]
	GetHandleVerifier [0x00FEC69F+1402831]
	Ordinal0 [0x00D73D61+2112865]
	Ordinal0 [0x00D7E5CB+2155979]
	Ordinal0 [0x00D7E6F5+2156277]
	Ordinal0 [0x00D8F26E+2224750]
	BaseThreadInitThunk [0x76A0FA29+25]
	RtlGetAppContainerNamedObjectPath [0x778B76B4+228]
	RtlGetAppContainerNamedObjectPath [0x778B7684+180]
">
      <![CDATA[org.openqa.selenium.SessionNotCreatedException: session not created: This version of ChromeDriver only supports Chrome version 86
Current browser version is 88.0.4324.190 with binary path C:\Program Files (x86)\Google\Chrome\Application\chrome.exe
Build info: version: '3.141.59', revision: 'e82be7d358', time: '2018-11-14T08:17:03'
System info: host: 'A', ip: '192.168.1.15', os.name: 'Windows 10', os.arch: 'amd64', os.version: '10.0', java.version: '1.8.0_251'
Driver info: driver.version: ChromeDriver
remote stacktrace: Backtrace:
	Ordinal0 [0x00E7C013+3194899]
	Ordinal0 [0x00D66021+2056225]
	Ordinal0 [0x00BFF608+587272]
	Ordinal0 [0x00B81BF3+72691]
	Ordinal0 [0x00B7E229+57897]
	Ordinal0 [0x00B7C64A+50762]
	Ordinal0 [0x00BA1EE9+204521]
	Ordinal0 [0x00BA1D0D+204045]
	Ordinal0 [0x00B9FC1B+195611]
	Ordinal0 [0x00B83B7F+80767]
	Ordinal0 [0x00B84B4E+84814]
	Ordinal0 [0x00B84AD9+84697]
	Ordinal0 [0x00D7CE64+2149988]
	GetHandleVerifier [0x00FEBE95+1400773]
	GetHandleVerifier [0x00FEBB61+1399953]
	GetHandleVerifier [0x00FF31FA+1430314]
	GetHandleVerifier [0x00FEC69F+1402831]
	Ordinal0 [0x00D73D61+2112865]
	Ordinal0 [0x00D7E5CB+2155979]
	Ordinal0 [0x00D7E6F5+2156277]
	Ordinal0 [0x00D8F26E+2224750]
	BaseThreadInitThunk [0x76A0FA29+25]
	RtlGetAppContainerNamedObjectPath [0x778B76B4+228]
	RtlGetAppContainerNamedObjectPath [0x778B7684+180]

	at sun.reflect.NativeConstructorAccessorImpl.newInstance0(Native Method)
	at sun.reflect.NativeConstructorAccessorImpl.newInstance(NativeConstructorAccessorImpl.java:62)
	at sun.reflect.DelegatingConstructorAccessorImpl.newInstance(DelegatingConstructorAccessorImpl.java:45)
	at java.lang.reflect.Constructor.newInstance(Constructor.java:423)
	at org.openqa.selenium.remote.W3CHandshakeResponse.lambda$errorHandler$0(W3CHandshakeResponse.java:62)
	at org.openqa.selenium.remote.HandshakeResponse.lambda$getResponseFunction$0(HandshakeResponse.java:30)
	at org.openqa.selenium.remote.ProtocolHandshake.lambda$createSession$0(ProtocolHandshake.java:126)
	at java.util.stream.ReferencePipeline$3$1.accept(ReferencePipeline.java:193)
	at java.util.Spliterators$ArraySpliterator.tryAdvance(Spliterators.java:958)
	at java.util.stream.ReferencePipeline.forEachWithCancel(ReferencePipeline.java:126)
	at java.util.stream.AbstractPipeline.copyIntoWithCancel(AbstractPipeline.java:499)
	at java.util.stream.AbstractPipeline.copyInto(AbstractPipeline.java:486)
	at java.util.stream.AbstractPipeline.wrapAndCopyInto(AbstractPipeline.java:472)
	at java.util.stream.FindOps$FindOp.evaluateSequential(FindOps.java:152)
	at java.util.stream.AbstractPipeline.evaluate(AbstractPipeline.java:234)
	at java.util.stream.ReferencePipeline.findFirst(ReferencePipeline.java:464)
	at org.openqa.selenium.remote.ProtocolHandshake.createSession(ProtocolHandshake.java:128)
	at org.openqa.selenium.remote.ProtocolHandshake.createSession(ProtocolHandshake.java:74)
	at org.openqa.selenium.remote.HttpCommandExecutor.execute(HttpCommandExecutor.java:136)
	at org.openqa.selenium.remote.service.DriverCommandExecutor.execute(DriverCommandExecutor.java:83)
	at org.openqa.selenium.remote.RemoteWebDriver.execute(RemoteWebDriver.java:552)
	at org.openqa.selenium.remote.RemoteWebDriver.startSession(RemoteWebDriver.java:213)
	at org.openqa.selenium.remote.RemoteWebDriver.<init>(RemoteWebDriver.java:131)
	at org.openqa.selenium.chrome.ChromeDriver.<init>(ChromeDriver.java:181)
	at org.openqa.selenium.chrome.ChromeDriver.<init>(ChromeDriver.java:168)
	at org.openqa.selenium.chrome.ChromeDriver.<init>(ChromeDriver.java:123)
	at configuration.BaseClass.setUp(BaseClass.java:51)
	at sun.reflect.NativeMethodAccessorImpl.invoke0(Native Method)
	at sun.reflect.NativeMethodAccessorImpl.invoke(NativeMethodAccessorImpl.java:62)
	at sun.reflect.DelegatingMethodAccessorImpl.invoke(DelegatingMethodAccessorImpl.java:43)
	at java.lang.reflect.Method.invoke(Method.java:498)
	at org.testng.internal.MethodInvocationHelper.invokeMethod(MethodInvocationHelper.java:86)
	at org.testng.internal.Invoker.invokeConfigurationMethod(Invoker.java:515)
	at org.testng.internal.Invoker.invokeConfigurations(Invoker.java:216)
	at org.testng.internal.Invoker.invokeConfigurations(Invoker.java:143)
	at org.testng.TestRunner.beforeRun(TestRunner.java:656)
	at org.testng.TestRunner.run(TestRunner.java:624)
	at org.testng.SuiteRunner.runTest(SuiteRunner.java:366)
	at org.testng.SuiteRunner.runSequentially(SuiteRunner.java:361)
	at org.testng.SuiteRunner.privateRun(SuiteRunner.java:319)
	at org.testng.SuiteRunner.run(SuiteRunner.java:268)
	at org.testng.SuiteRunnerWorker.runSuite(SuiteRunnerWorker.java:52)
	at org.testng.SuiteRunnerWorker.run(SuiteRunnerWorker.java:86)
	at org.testng.TestNG.runSuitesSequentially(TestNG.java:1225)
	at org.testng.TestNG.runSuitesLocally(TestNG.java:1150)
	at org.testng.TestNG.runSuites(TestNG.java:1075)
	at org.testng.TestNG.run(TestNG.java:1047)
	at org.testng.remote.AbstractRemoteTestNG.run(AbstractRemoteTestNG.java:126)
	at org.testng.remote.RemoteTestNG.initAndRun(RemoteTestNG.java:137)
	at org.testng.remote.RemoteTestNG.main(RemoteTestNG.java:58)
]]>
    </error>
  </testcase> <!-- TC03 -->
  <testcase name="TC04" time="0.003" classname="testScripts.ShortTermHourly">
    <error type="org.openqa.selenium.SessionNotCreatedException" message="session not created: This version of ChromeDriver only supports Chrome version 86
Current browser version is 88.0.4324.190 with binary path C:\Program Files (x86)\Google\Chrome\Application\chrome.exe
Build info: version: &#039;3.141.59&#039;, revision: &#039;e82be7d358&#039;, time: &#039;2018-11-14T08:17:03&#039;
System info: host: &#039;A&#039;, ip: &#039;192.168.1.15&#039;, os.name: &#039;Windows 10&#039;, os.arch: &#039;amd64&#039;, os.version: &#039;10.0&#039;, java.version: &#039;1.8.0_251&#039;
Driver info: driver.version: ChromeDriver
remote stacktrace: Backtrace:
	Ordinal0 [0x00E7C013+3194899]
	Ordinal0 [0x00D66021+2056225]
	Ordinal0 [0x00BFF608+587272]
	Ordinal0 [0x00B81BF3+72691]
	Ordinal0 [0x00B7E229+57897]
	Ordinal0 [0x00B7C64A+50762]
	Ordinal0 [0x00BA1EE9+204521]
	Ordinal0 [0x00BA1D0D+204045]
	Ordinal0 [0x00B9FC1B+195611]
	Ordinal0 [0x00B83B7F+80767]
	Ordinal0 [0x00B84B4E+84814]
	Ordinal0 [0x00B84AD9+84697]
	Ordinal0 [0x00D7CE64+2149988]
	GetHandleVerifier [0x00FEBE95+1400773]
	GetHandleVerifier [0x00FEBB61+1399953]
	GetHandleVerifier [0x00FF31FA+1430314]
	GetHandleVerifier [0x00FEC69F+1402831]
	Ordinal0 [0x00D73D61+2112865]
	Ordinal0 [0x00D7E5CB+2155979]
	Ordinal0 [0x00D7E6F5+2156277]
	Ordinal0 [0x00D8F26E+2224750]
	BaseThreadInitThunk [0x76A0FA29+25]
	RtlGetAppContainerNamedObjectPath [0x778B76B4+228]
	RtlGetAppContainerNamedObjectPath [0x778B7684+180]
">
      <![CDATA[org.openqa.selenium.SessionNotCreatedException: session not created: This version of ChromeDriver only supports Chrome version 86
Current browser version is 88.0.4324.190 with binary path C:\Program Files (x86)\Google\Chrome\Application\chrome.exe
Build info: version: '3.141.59', revision: 'e82be7d358', time: '2018-11-14T08:17:03'
System info: host: 'A', ip: '192.168.1.15', os.name: 'Windows 10', os.arch: 'amd64', os.version: '10.0', java.version: '1.8.0_251'
Driver info: driver.version: ChromeDriver
remote stacktrace: Backtrace:
	Ordinal0 [0x00E7C013+3194899]
	Ordinal0 [0x00D66021+2056225]
	Ordinal0 [0x00BFF608+587272]
	Ordinal0 [0x00B81BF3+72691]
	Ordinal0 [0x00B7E229+57897]
	Ordinal0 [0x00B7C64A+50762]
	Ordinal0 [0x00BA1EE9+204521]
	Ordinal0 [0x00BA1D0D+204045]
	Ordinal0 [0x00B9FC1B+195611]
	Ordinal0 [0x00B83B7F+80767]
	Ordinal0 [0x00B84B4E+84814]
	Ordinal0 [0x00B84AD9+84697]
	Ordinal0 [0x00D7CE64+2149988]
	GetHandleVerifier [0x00FEBE95+1400773]
	GetHandleVerifier [0x00FEBB61+1399953]
	GetHandleVerifier [0x00FF31FA+1430314]
	GetHandleVerifier [0x00FEC69F+1402831]
	Ordinal0 [0x00D73D61+2112865]
	Ordinal0 [0x00D7E5CB+2155979]
	Ordinal0 [0x00D7E6F5+2156277]
	Ordinal0 [0x00D8F26E+2224750]
	BaseThreadInitThunk [0x76A0FA29+25]
	RtlGetAppContainerNamedObjectPath [0x778B76B4+228]
	RtlGetAppContainerNamedObjectPath [0x778B7684+180]

	at sun.reflect.NativeConstructorAccessorImpl.newInstance0(Native Method)
	at sun.reflect.NativeConstructorAccessorImpl.newInstance(NativeConstructorAccessorImpl.java:62)
	at sun.reflect.DelegatingConstructorAccessorImpl.newInstance(DelegatingConstructorAccessorImpl.java:45)
	at java.lang.reflect.Constructor.newInstance(Constructor.java:423)
	at org.openqa.selenium.remote.W3CHandshakeResponse.lambda$errorHandler$0(W3CHandshakeResponse.java:62)
	at org.openqa.selenium.remote.HandshakeResponse.lambda$getResponseFunction$0(HandshakeResponse.java:30)
	at org.openqa.selenium.remote.ProtocolHandshake.lambda$createSession$0(ProtocolHandshake.java:126)
	at java.util.stream.ReferencePipeline$3$1.accept(ReferencePipeline.java:193)
	at java.util.Spliterators$ArraySpliterator.tryAdvance(Spliterators.java:958)
	at java.util.stream.ReferencePipeline.forEachWithCancel(ReferencePipeline.java:126)
	at java.util.stream.AbstractPipeline.copyIntoWithCancel(AbstractPipeline.java:499)
	at java.util.stream.AbstractPipeline.copyInto(AbstractPipeline.java:486)
	at java.util.stream.AbstractPipeline.wrapAndCopyInto(AbstractPipeline.java:472)
	at java.util.stream.FindOps$FindOp.evaluateSequential(FindOps.java:152)
	at java.util.stream.AbstractPipeline.evaluate(AbstractPipeline.java:234)
	at java.util.stream.ReferencePipeline.findFirst(ReferencePipeline.java:464)
	at org.openqa.selenium.remote.ProtocolHandshake.createSession(ProtocolHandshake.java:128)
	at org.openqa.selenium.remote.ProtocolHandshake.createSession(ProtocolHandshake.java:74)
	at org.openqa.selenium.remote.HttpCommandExecutor.execute(HttpCommandExecutor.java:136)
	at org.openqa.selenium.remote.service.DriverCommandExecutor.execute(DriverCommandExecutor.java:83)
	at org.openqa.selenium.remote.RemoteWebDriver.execute(RemoteWebDriver.java:552)
	at org.openqa.selenium.remote.RemoteWebDriver.startSession(RemoteWebDriver.java:213)
	at org.openqa.selenium.remote.RemoteWebDriver.<init>(RemoteWebDriver.java:131)
	at org.openqa.selenium.chrome.ChromeDriver.<init>(ChromeDriver.java:181)
	at org.openqa.selenium.chrome.ChromeDriver.<init>(ChromeDriver.java:168)
	at org.openqa.selenium.chrome.ChromeDriver.<init>(ChromeDriver.java:123)
	at configuration.BaseClass.setUp(BaseClass.java:51)
	at sun.reflect.NativeMethodAccessorImpl.invoke0(Native Method)
	at sun.reflect.NativeMethodAccessorImpl.invoke(NativeMethodAccessorImpl.java:62)
	at sun.reflect.DelegatingMethodAccessorImpl.invoke(DelegatingMethodAccessorImpl.java:43)
	at java.lang.reflect.Method.invoke(Method.java:498)
	at org.testng.internal.MethodInvocationHelper.invokeMethod(MethodInvocationHelper.java:86)
	at org.testng.internal.Invoker.invokeConfigurationMethod(Invoker.java:515)
	at org.testng.internal.Invoker.invokeConfigurations(Invoker.java:216)
	at org.testng.internal.Invoker.invokeConfigurations(Invoker.java:143)
	at org.testng.TestRunner.beforeRun(TestRunner.java:656)
	at org.testng.TestRunner.run(TestRunner.java:624)
	at org.testng.SuiteRunner.runTest(SuiteRunner.java:366)
	at org.testng.SuiteRunner.runSequentially(SuiteRunner.java:361)
	at org.testng.SuiteRunner.privateRun(SuiteRunner.java:319)
	at org.testng.SuiteRunner.run(SuiteRunner.java:268)
	at org.testng.SuiteRunnerWorker.runSuite(SuiteRunnerWorker.java:52)
	at org.testng.SuiteRunnerWorker.run(SuiteRunnerWorker.java:86)
	at org.testng.TestNG.runSuitesSequentially(TestNG.java:1225)
	at org.testng.TestNG.runSuitesLocally(TestNG.java:1150)
	at org.testng.TestNG.runSuites(TestNG.java:1075)
	at org.testng.TestNG.run(TestNG.java:1047)
	at org.testng.remote.AbstractRemoteTestNG.run(AbstractRemoteTestNG.java:126)
	at org.testng.remote.RemoteTestNG.initAndRun(RemoteTestNG.java:137)
	at org.testng.remote.RemoteTestNG.main(RemoteTestNG.java:58)
]]>
    </error>
  </testcase> <!-- TC04 -->
  <testcase name="TC18" time="0.001" classname="testScripts.ShortTermHourly">
    <error type="org.openqa.selenium.SessionNotCreatedException" message="session not created: This version of ChromeDriver only supports Chrome version 86
Current browser version is 88.0.4324.190 with binary path C:\Program Files (x86)\Google\Chrome\Application\chrome.exe
Build info: version: &#039;3.141.59&#039;, revision: &#039;e82be7d358&#039;, time: &#039;2018-11-14T08:17:03&#039;
System info: host: &#039;A&#039;, ip: &#039;192.168.1.15&#039;, os.name: &#039;Windows 10&#039;, os.arch: &#039;amd64&#039;, os.version: &#039;10.0&#039;, java.version: &#039;1.8.0_251&#039;
Driver info: driver.version: ChromeDriver
remote stacktrace: Backtrace:
	Ordinal0 [0x00E7C013+3194899]
	Ordinal0 [0x00D66021+2056225]
	Ordinal0 [0x00BFF608+587272]
	Ordinal0 [0x00B81BF3+72691]
	Ordinal0 [0x00B7E229+57897]
	Ordinal0 [0x00B7C64A+50762]
	Ordinal0 [0x00BA1EE9+204521]
	Ordinal0 [0x00BA1D0D+204045]
	Ordinal0 [0x00B9FC1B+195611]
	Ordinal0 [0x00B83B7F+80767]
	Ordinal0 [0x00B84B4E+84814]
	Ordinal0 [0x00B84AD9+84697]
	Ordinal0 [0x00D7CE64+2149988]
	GetHandleVerifier [0x00FEBE95+1400773]
	GetHandleVerifier [0x00FEBB61+1399953]
	GetHandleVerifier [0x00FF31FA+1430314]
	GetHandleVerifier [0x00FEC69F+1402831]
	Ordinal0 [0x00D73D61+2112865]
	Ordinal0 [0x00D7E5CB+2155979]
	Ordinal0 [0x00D7E6F5+2156277]
	Ordinal0 [0x00D8F26E+2224750]
	BaseThreadInitThunk [0x76A0FA29+25]
	RtlGetAppContainerNamedObjectPath [0x778B76B4+228]
	RtlGetAppContainerNamedObjectPath [0x778B7684+180]
">
      <![CDATA[org.openqa.selenium.SessionNotCreatedException: session not created: This version of ChromeDriver only supports Chrome version 86
Current browser version is 88.0.4324.190 with binary path C:\Program Files (x86)\Google\Chrome\Application\chrome.exe
Build info: version: '3.141.59', revision: 'e82be7d358', time: '2018-11-14T08:17:03'
System info: host: 'A', ip: '192.168.1.15', os.name: 'Windows 10', os.arch: 'amd64', os.version: '10.0', java.version: '1.8.0_251'
Driver info: driver.version: ChromeDriver
remote stacktrace: Backtrace:
	Ordinal0 [0x00E7C013+3194899]
	Ordinal0 [0x00D66021+2056225]
	Ordinal0 [0x00BFF608+587272]
	Ordinal0 [0x00B81BF3+72691]
	Ordinal0 [0x00B7E229+57897]
	Ordinal0 [0x00B7C64A+50762]
	Ordinal0 [0x00BA1EE9+204521]
	Ordinal0 [0x00BA1D0D+204045]
	Ordinal0 [0x00B9FC1B+195611]
	Ordinal0 [0x00B83B7F+80767]
	Ordinal0 [0x00B84B4E+84814]
	Ordinal0 [0x00B84AD9+84697]
	Ordinal0 [0x00D7CE64+2149988]
	GetHandleVerifier [0x00FEBE95+1400773]
	GetHandleVerifier [0x00FEBB61+1399953]
	GetHandleVerifier [0x00FF31FA+1430314]
	GetHandleVerifier [0x00FEC69F+1402831]
	Ordinal0 [0x00D73D61+2112865]
	Ordinal0 [0x00D7E5CB+2155979]
	Ordinal0 [0x00D7E6F5+2156277]
	Ordinal0 [0x00D8F26E+2224750]
	BaseThreadInitThunk [0x76A0FA29+25]
	RtlGetAppContainerNamedObjectPath [0x778B76B4+228]
	RtlGetAppContainerNamedObjectPath [0x778B7684+180]

	at sun.reflect.NativeConstructorAccessorImpl.newInstance0(Native Method)
	at sun.reflect.NativeConstructorAccessorImpl.newInstance(NativeConstructorAccessorImpl.java:62)
	at sun.reflect.DelegatingConstructorAccessorImpl.newInstance(DelegatingConstructorAccessorImpl.java:45)
	at java.lang.reflect.Constructor.newInstance(Constructor.java:423)
	at org.openqa.selenium.remote.W3CHandshakeResponse.lambda$errorHandler$0(W3CHandshakeResponse.java:62)
	at org.openqa.selenium.remote.HandshakeResponse.lambda$getResponseFunction$0(HandshakeResponse.java:30)
	at org.openqa.selenium.remote.ProtocolHandshake.lambda$createSession$0(ProtocolHandshake.java:126)
	at java.util.stream.ReferencePipeline$3$1.accept(ReferencePipeline.java:193)
	at java.util.Spliterators$ArraySpliterator.tryAdvance(Spliterators.java:958)
	at java.util.stream.ReferencePipeline.forEachWithCancel(ReferencePipeline.java:126)
	at java.util.stream.AbstractPipeline.copyIntoWithCancel(AbstractPipeline.java:499)
	at java.util.stream.AbstractPipeline.copyInto(AbstractPipeline.java:486)
	at java.util.stream.AbstractPipeline.wrapAndCopyInto(AbstractPipeline.java:472)
	at java.util.stream.FindOps$FindOp.evaluateSequential(FindOps.java:152)
	at java.util.stream.AbstractPipeline.evaluate(AbstractPipeline.java:234)
	at java.util.stream.ReferencePipeline.findFirst(ReferencePipeline.java:464)
	at org.openqa.selenium.remote.ProtocolHandshake.createSession(ProtocolHandshake.java:128)
	at org.openqa.selenium.remote.ProtocolHandshake.createSession(ProtocolHandshake.java:74)
	at org.openqa.selenium.remote.HttpCommandExecutor.execute(HttpCommandExecutor.java:136)
	at org.openqa.selenium.remote.service.DriverCommandExecutor.execute(DriverCommandExecutor.java:83)
	at org.openqa.selenium.remote.RemoteWebDriver.execute(RemoteWebDriver.java:552)
	at org.openqa.selenium.remote.RemoteWebDriver.startSession(RemoteWebDriver.java:213)
	at org.openqa.selenium.remote.RemoteWebDriver.<init>(RemoteWebDriver.java:131)
	at org.openqa.selenium.chrome.ChromeDriver.<init>(ChromeDriver.java:181)
	at org.openqa.selenium.chrome.ChromeDriver.<init>(ChromeDriver.java:168)
	at org.openqa.selenium.chrome.ChromeDriver.<init>(ChromeDriver.java:123)
	at configuration.BaseClass.setUp(BaseClass.java:51)
	at sun.reflect.NativeMethodAccessorImpl.invoke0(Native Method)
	at sun.reflect.NativeMethodAccessorImpl.invoke(NativeMethodAccessorImpl.java:62)
	at sun.reflect.DelegatingMethodAccessorImpl.invoke(DelegatingMethodAccessorImpl.java:43)
	at java.lang.reflect.Method.invoke(Method.java:498)
	at org.testng.internal.MethodInvocationHelper.invokeMethod(MethodInvocationHelper.java:86)
	at org.testng.internal.Invoker.invokeConfigurationMethod(Invoker.java:515)
	at org.testng.internal.Invoker.invokeConfigurations(Invoker.java:216)
	at org.testng.internal.Invoker.invokeConfigurations(Invoker.java:143)
	at org.testng.TestRunner.beforeRun(TestRunner.java:656)
	at org.testng.TestRunner.run(TestRunner.java:624)
	at org.testng.SuiteRunner.runTest(SuiteRunner.java:366)
	at org.testng.SuiteRunner.runSequentially(SuiteRunner.java:361)
	at org.testng.SuiteRunner.privateRun(SuiteRunner.java:319)
	at org.testng.SuiteRunner.run(SuiteRunner.java:268)
	at org.testng.SuiteRunnerWorker.runSuite(SuiteRunnerWorker.java:52)
	at org.testng.SuiteRunnerWorker.run(SuiteRunnerWorker.java:86)
	at org.testng.TestNG.runSuitesSequentially(TestNG.java:1225)
	at org.testng.TestNG.runSuitesLocally(TestNG.java:1150)
	at org.testng.TestNG.runSuites(TestNG.java:1075)
	at org.testng.TestNG.run(TestNG.java:1047)
	at org.testng.remote.AbstractRemoteTestNG.run(AbstractRemoteTestNG.java:126)
	at org.testng.remote.RemoteTestNG.initAndRun(RemoteTestNG.java:137)
	at org.testng.remote.RemoteTestNG.main(RemoteTestNG.java:58)
]]>
    </error>
  </testcase> <!-- TC18 -->
  <testcase name="TC01" time="0.002" classname="testScripts.ShortTermHourly">
    <error type="org.openqa.selenium.SessionNotCreatedException" message="session not created: This version of ChromeDriver only supports Chrome version 86
Current browser version is 88.0.4324.190 with binary path C:\Program Files (x86)\Google\Chrome\Application\chrome.exe
Build info: version: &#039;3.141.59&#039;, revision: &#039;e82be7d358&#039;, time: &#039;2018-11-14T08:17:03&#039;
System info: host: &#039;A&#039;, ip: &#039;192.168.1.15&#039;, os.name: &#039;Windows 10&#039;, os.arch: &#039;amd64&#039;, os.version: &#039;10.0&#039;, java.version: &#039;1.8.0_251&#039;
Driver info: driver.version: ChromeDriver
remote stacktrace: Backtrace:
	Ordinal0 [0x00E7C013+3194899]
	Ordinal0 [0x00D66021+2056225]
	Ordinal0 [0x00BFF608+587272]
	Ordinal0 [0x00B81BF3+72691]
	Ordinal0 [0x00B7E229+57897]
	Ordinal0 [0x00B7C64A+50762]
	Ordinal0 [0x00BA1EE9+204521]
	Ordinal0 [0x00BA1D0D+204045]
	Ordinal0 [0x00B9FC1B+195611]
	Ordinal0 [0x00B83B7F+80767]
	Ordinal0 [0x00B84B4E+84814]
	Ordinal0 [0x00B84AD9+84697]
	Ordinal0 [0x00D7CE64+2149988]
	GetHandleVerifier [0x00FEBE95+1400773]
	GetHandleVerifier [0x00FEBB61+1399953]
	GetHandleVerifier [0x00FF31FA+1430314]
	GetHandleVerifier [0x00FEC69F+1402831]
	Ordinal0 [0x00D73D61+2112865]
	Ordinal0 [0x00D7E5CB+2155979]
	Ordinal0 [0x00D7E6F5+2156277]
	Ordinal0 [0x00D8F26E+2224750]
	BaseThreadInitThunk [0x76A0FA29+25]
	RtlGetAppContainerNamedObjectPath [0x778B76B4+228]
	RtlGetAppContainerNamedObjectPath [0x778B7684+180]
">
      <![CDATA[org.openqa.selenium.SessionNotCreatedException: session not created: This version of ChromeDriver only supports Chrome version 86
Current browser version is 88.0.4324.190 with binary path C:\Program Files (x86)\Google\Chrome\Application\chrome.exe
Build info: version: '3.141.59', revision: 'e82be7d358', time: '2018-11-14T08:17:03'
System info: host: 'A', ip: '192.168.1.15', os.name: 'Windows 10', os.arch: 'amd64', os.version: '10.0', java.version: '1.8.0_251'
Driver info: driver.version: ChromeDriver
remote stacktrace: Backtrace:
	Ordinal0 [0x00E7C013+3194899]
	Ordinal0 [0x00D66021+2056225]
	Ordinal0 [0x00BFF608+587272]
	Ordinal0 [0x00B81BF3+72691]
	Ordinal0 [0x00B7E229+57897]
	Ordinal0 [0x00B7C64A+50762]
	Ordinal0 [0x00BA1EE9+204521]
	Ordinal0 [0x00BA1D0D+204045]
	Ordinal0 [0x00B9FC1B+195611]
	Ordinal0 [0x00B83B7F+80767]
	Ordinal0 [0x00B84B4E+84814]
	Ordinal0 [0x00B84AD9+84697]
	Ordinal0 [0x00D7CE64+2149988]
	GetHandleVerifier [0x00FEBE95+1400773]
	GetHandleVerifier [0x00FEBB61+1399953]
	GetHandleVerifier [0x00FF31FA+1430314]
	GetHandleVerifier [0x00FEC69F+1402831]
	Ordinal0 [0x00D73D61+2112865]
	Ordinal0 [0x00D7E5CB+2155979]
	Ordinal0 [0x00D7E6F5+2156277]
	Ordinal0 [0x00D8F26E+2224750]
	BaseThreadInitThunk [0x76A0FA29+25]
	RtlGetAppContainerNamedObjectPath [0x778B76B4+228]
	RtlGetAppContainerNamedObjectPath [0x778B7684+180]

	at sun.reflect.NativeConstructorAccessorImpl.newInstance0(Native Method)
	at sun.reflect.NativeConstructorAccessorImpl.newInstance(NativeConstructorAccessorImpl.java:62)
	at sun.reflect.DelegatingConstructorAccessorImpl.newInstance(DelegatingConstructorAccessorImpl.java:45)
	at java.lang.reflect.Constructor.newInstance(Constructor.java:423)
	at org.openqa.selenium.remote.W3CHandshakeResponse.lambda$errorHandler$0(W3CHandshakeResponse.java:62)
	at org.openqa.selenium.remote.HandshakeResponse.lambda$getResponseFunction$0(HandshakeResponse.java:30)
	at org.openqa.selenium.remote.ProtocolHandshake.lambda$createSession$0(ProtocolHandshake.java:126)
	at java.util.stream.ReferencePipeline$3$1.accept(ReferencePipeline.java:193)
	at java.util.Spliterators$ArraySpliterator.tryAdvance(Spliterators.java:958)
	at java.util.stream.ReferencePipeline.forEachWithCancel(ReferencePipeline.java:126)
	at java.util.stream.AbstractPipeline.copyIntoWithCancel(AbstractPipeline.java:499)
	at java.util.stream.AbstractPipeline.copyInto(AbstractPipeline.java:486)
	at java.util.stream.AbstractPipeline.wrapAndCopyInto(AbstractPipeline.java:472)
	at java.util.stream.FindOps$FindOp.evaluateSequential(FindOps.java:152)
	at java.util.stream.AbstractPipeline.evaluate(AbstractPipeline.java:234)
	at java.util.stream.ReferencePipeline.findFirst(ReferencePipeline.java:464)
	at org.openqa.selenium.remote.ProtocolHandshake.createSession(ProtocolHandshake.java:128)
	at org.openqa.selenium.remote.ProtocolHandshake.createSession(ProtocolHandshake.java:74)
	at org.openqa.selenium.remote.HttpCommandExecutor.execute(HttpCommandExecutor.java:136)
	at org.openqa.selenium.remote.service.DriverCommandExecutor.execute(DriverCommandExecutor.java:83)
	at org.openqa.selenium.remote.RemoteWebDriver.execute(RemoteWebDriver.java:552)
	at org.openqa.selenium.remote.RemoteWebDriver.startSession(RemoteWebDriver.java:213)
	at org.openqa.selenium.remote.RemoteWebDriver.<init>(RemoteWebDriver.java:131)
	at org.openqa.selenium.chrome.ChromeDriver.<init>(ChromeDriver.java:181)
	at org.openqa.selenium.chrome.ChromeDriver.<init>(ChromeDriver.java:168)
	at org.openqa.selenium.chrome.ChromeDriver.<init>(ChromeDriver.java:123)
	at configuration.BaseClass.setUp(BaseClass.java:51)
	at sun.reflect.NativeMethodAccessorImpl.invoke0(Native Method)
	at sun.reflect.NativeMethodAccessorImpl.invoke(NativeMethodAccessorImpl.java:62)
	at sun.reflect.DelegatingMethodAccessorImpl.invoke(DelegatingMethodAccessorImpl.java:43)
	at java.lang.reflect.Method.invoke(Method.java:498)
	at org.testng.internal.MethodInvocationHelper.invokeMethod(MethodInvocationHelper.java:86)
	at org.testng.internal.Invoker.invokeConfigurationMethod(Invoker.java:515)
	at org.testng.internal.Invoker.invokeConfigurations(Invoker.java:216)
	at org.testng.internal.Invoker.invokeConfigurations(Invoker.java:143)
	at org.testng.TestRunner.beforeRun(TestRunner.java:656)
	at org.testng.TestRunner.run(TestRunner.java:624)
	at org.testng.SuiteRunner.runTest(SuiteRunner.java:366)
	at org.testng.SuiteRunner.runSequentially(SuiteRunner.java:361)
	at org.testng.SuiteRunner.privateRun(SuiteRunner.java:319)
	at org.testng.SuiteRunner.run(SuiteRunner.java:268)
	at org.testng.SuiteRunnerWorker.runSuite(SuiteRunnerWorker.java:52)
	at org.testng.SuiteRunnerWorker.run(SuiteRunnerWorker.java:86)
	at org.testng.TestNG.runSuitesSequentially(TestNG.java:1225)
	at org.testng.TestNG.runSuitesLocally(TestNG.java:1150)
	at org.testng.TestNG.runSuites(TestNG.java:1075)
	at org.testng.TestNG.run(TestNG.java:1047)
	at org.testng.remote.AbstractRemoteTestNG.run(AbstractRemoteTestNG.java:126)
	at org.testng.remote.RemoteTestNG.initAndRun(RemoteTestNG.java:137)
	at org.testng.remote.RemoteTestNG.main(RemoteTestNG.java:58)
]]>
    </error>
  </testcase> <!-- TC01 -->
  <testcase name="TC16" time="0.001" classname="testScripts.ShortTermHourly">
    <error type="org.openqa.selenium.SessionNotCreatedException" message="session not created: This version of ChromeDriver only supports Chrome version 86
Current browser version is 88.0.4324.190 with binary path C:\Program Files (x86)\Google\Chrome\Application\chrome.exe
Build info: version: &#039;3.141.59&#039;, revision: &#039;e82be7d358&#039;, time: &#039;2018-11-14T08:17:03&#039;
System info: host: &#039;A&#039;, ip: &#039;192.168.1.15&#039;, os.name: &#039;Windows 10&#039;, os.arch: &#039;amd64&#039;, os.version: &#039;10.0&#039;, java.version: &#039;1.8.0_251&#039;
Driver info: driver.version: ChromeDriver
remote stacktrace: Backtrace:
	Ordinal0 [0x00E7C013+3194899]
	Ordinal0 [0x00D66021+2056225]
	Ordinal0 [0x00BFF608+587272]
	Ordinal0 [0x00B81BF3+72691]
	Ordinal0 [0x00B7E229+57897]
	Ordinal0 [0x00B7C64A+50762]
	Ordinal0 [0x00BA1EE9+204521]
	Ordinal0 [0x00BA1D0D+204045]
	Ordinal0 [0x00B9FC1B+195611]
	Ordinal0 [0x00B83B7F+80767]
	Ordinal0 [0x00B84B4E+84814]
	Ordinal0 [0x00B84AD9+84697]
	Ordinal0 [0x00D7CE64+2149988]
	GetHandleVerifier [0x00FEBE95+1400773]
	GetHandleVerifier [0x00FEBB61+1399953]
	GetHandleVerifier [0x00FF31FA+1430314]
	GetHandleVerifier [0x00FEC69F+1402831]
	Ordinal0 [0x00D73D61+2112865]
	Ordinal0 [0x00D7E5CB+2155979]
	Ordinal0 [0x00D7E6F5+2156277]
	Ordinal0 [0x00D8F26E+2224750]
	BaseThreadInitThunk [0x76A0FA29+25]
	RtlGetAppContainerNamedObjectPath [0x778B76B4+228]
	RtlGetAppContainerNamedObjectPath [0x778B7684+180]
">
      <![CDATA[org.openqa.selenium.SessionNotCreatedException: session not created: This version of ChromeDriver only supports Chrome version 86
Current browser version is 88.0.4324.190 with binary path C:\Program Files (x86)\Google\Chrome\Application\chrome.exe
Build info: version: '3.141.59', revision: 'e82be7d358', time: '2018-11-14T08:17:03'
System info: host: 'A', ip: '192.168.1.15', os.name: 'Windows 10', os.arch: 'amd64', os.version: '10.0', java.version: '1.8.0_251'
Driver info: driver.version: ChromeDriver
remote stacktrace: Backtrace:
	Ordinal0 [0x00E7C013+3194899]
	Ordinal0 [0x00D66021+2056225]
	Ordinal0 [0x00BFF608+587272]
	Ordinal0 [0x00B81BF3+72691]
	Ordinal0 [0x00B7E229+57897]
	Ordinal0 [0x00B7C64A+50762]
	Ordinal0 [0x00BA1EE9+204521]
	Ordinal0 [0x00BA1D0D+204045]
	Ordinal0 [0x00B9FC1B+195611]
	Ordinal0 [0x00B83B7F+80767]
	Ordinal0 [0x00B84B4E+84814]
	Ordinal0 [0x00B84AD9+84697]
	Ordinal0 [0x00D7CE64+2149988]
	GetHandleVerifier [0x00FEBE95+1400773]
	GetHandleVerifier [0x00FEBB61+1399953]
	GetHandleVerifier [0x00FF31FA+1430314]
	GetHandleVerifier [0x00FEC69F+1402831]
	Ordinal0 [0x00D73D61+2112865]
	Ordinal0 [0x00D7E5CB+2155979]
	Ordinal0 [0x00D7E6F5+2156277]
	Ordinal0 [0x00D8F26E+2224750]
	BaseThreadInitThunk [0x76A0FA29+25]
	RtlGetAppContainerNamedObjectPath [0x778B76B4+228]
	RtlGetAppContainerNamedObjectPath [0x778B7684+180]

	at sun.reflect.NativeConstructorAccessorImpl.newInstance0(Native Method)
	at sun.reflect.NativeConstructorAccessorImpl.newInstance(NativeConstructorAccessorImpl.java:62)
	at sun.reflect.DelegatingConstructorAccessorImpl.newInstance(DelegatingConstructorAccessorImpl.java:45)
	at java.lang.reflect.Constructor.newInstance(Constructor.java:423)
	at org.openqa.selenium.remote.W3CHandshakeResponse.lambda$errorHandler$0(W3CHandshakeResponse.java:62)
	at org.openqa.selenium.remote.HandshakeResponse.lambda$getResponseFunction$0(HandshakeResponse.java:30)
	at org.openqa.selenium.remote.ProtocolHandshake.lambda$createSession$0(ProtocolHandshake.java:126)
	at java.util.stream.ReferencePipeline$3$1.accept(ReferencePipeline.java:193)
	at java.util.Spliterators$ArraySpliterator.tryAdvance(Spliterators.java:958)
	at java.util.stream.ReferencePipeline.forEachWithCancel(ReferencePipeline.java:126)
	at java.util.stream.AbstractPipeline.copyIntoWithCancel(AbstractPipeline.java:499)
	at java.util.stream.AbstractPipeline.copyInto(AbstractPipeline.java:486)
	at java.util.stream.AbstractPipeline.wrapAndCopyInto(AbstractPipeline.java:472)
	at java.util.stream.FindOps$FindOp.evaluateSequential(FindOps.java:152)
	at java.util.stream.AbstractPipeline.evaluate(AbstractPipeline.java:234)
	at java.util.stream.ReferencePipeline.findFirst(ReferencePipeline.java:464)
	at org.openqa.selenium.remote.ProtocolHandshake.createSession(ProtocolHandshake.java:128)
	at org.openqa.selenium.remote.ProtocolHandshake.createSession(ProtocolHandshake.java:74)
	at org.openqa.selenium.remote.HttpCommandExecutor.execute(HttpCommandExecutor.java:136)
	at org.openqa.selenium.remote.service.DriverCommandExecutor.execute(DriverCommandExecutor.java:83)
	at org.openqa.selenium.remote.RemoteWebDriver.execute(RemoteWebDriver.java:552)
	at org.openqa.selenium.remote.RemoteWebDriver.startSession(RemoteWebDriver.java:213)
	at org.openqa.selenium.remote.RemoteWebDriver.<init>(RemoteWebDriver.java:131)
	at org.openqa.selenium.chrome.ChromeDriver.<init>(ChromeDriver.java:181)
	at org.openqa.selenium.chrome.ChromeDriver.<init>(ChromeDriver.java:168)
	at org.openqa.selenium.chrome.ChromeDriver.<init>(ChromeDriver.java:123)
	at configuration.BaseClass.setUp(BaseClass.java:51)
	at sun.reflect.NativeMethodAccessorImpl.invoke0(Native Method)
	at sun.reflect.NativeMethodAccessorImpl.invoke(NativeMethodAccessorImpl.java:62)
	at sun.reflect.DelegatingMethodAccessorImpl.invoke(DelegatingMethodAccessorImpl.java:43)
	at java.lang.reflect.Method.invoke(Method.java:498)
	at org.testng.internal.MethodInvocationHelper.invokeMethod(MethodInvocationHelper.java:86)
	at org.testng.internal.Invoker.invokeConfigurationMethod(Invoker.java:515)
	at org.testng.internal.Invoker.invokeConfigurations(Invoker.java:216)
	at org.testng.internal.Invoker.invokeConfigurations(Invoker.java:143)
	at org.testng.TestRunner.beforeRun(TestRunner.java:656)
	at org.testng.TestRunner.run(TestRunner.java:624)
	at org.testng.SuiteRunner.runTest(SuiteRunner.java:366)
	at org.testng.SuiteRunner.runSequentially(SuiteRunner.java:361)
	at org.testng.SuiteRunner.privateRun(SuiteRunner.java:319)
	at org.testng.SuiteRunner.run(SuiteRunner.java:268)
	at org.testng.SuiteRunnerWorker.runSuite(SuiteRunnerWorker.java:52)
	at org.testng.SuiteRunnerWorker.run(SuiteRunnerWorker.java:86)
	at org.testng.TestNG.runSuitesSequentially(TestNG.java:1225)
	at org.testng.TestNG.runSuitesLocally(TestNG.java:1150)
	at org.testng.TestNG.runSuites(TestNG.java:1075)
	at org.testng.TestNG.run(TestNG.java:1047)
	at org.testng.remote.AbstractRemoteTestNG.run(AbstractRemoteTestNG.java:126)
	at org.testng.remote.RemoteTestNG.initAndRun(RemoteTestNG.java:137)
	at org.testng.remote.RemoteTestNG.main(RemoteTestNG.java:58)
]]>
    </error>
  </testcase> <!-- TC16 -->
  <testcase name="TC08" time="0.001" classname="testScripts.ShortTermHourly">
    <error type="org.openqa.selenium.SessionNotCreatedException" message="session not created: This version of ChromeDriver only supports Chrome version 86
Current browser version is 88.0.4324.190 with binary path C:\Program Files (x86)\Google\Chrome\Application\chrome.exe
Build info: version: &#039;3.141.59&#039;, revision: &#039;e82be7d358&#039;, time: &#039;2018-11-14T08:17:03&#039;
System info: host: &#039;A&#039;, ip: &#039;192.168.1.15&#039;, os.name: &#039;Windows 10&#039;, os.arch: &#039;amd64&#039;, os.version: &#039;10.0&#039;, java.version: &#039;1.8.0_251&#039;
Driver info: driver.version: ChromeDriver
remote stacktrace: Backtrace:
	Ordinal0 [0x00E7C013+3194899]
	Ordinal0 [0x00D66021+2056225]
	Ordinal0 [0x00BFF608+587272]
	Ordinal0 [0x00B81BF3+72691]
	Ordinal0 [0x00B7E229+57897]
	Ordinal0 [0x00B7C64A+50762]
	Ordinal0 [0x00BA1EE9+204521]
	Ordinal0 [0x00BA1D0D+204045]
	Ordinal0 [0x00B9FC1B+195611]
	Ordinal0 [0x00B83B7F+80767]
	Ordinal0 [0x00B84B4E+84814]
	Ordinal0 [0x00B84AD9+84697]
	Ordinal0 [0x00D7CE64+2149988]
	GetHandleVerifier [0x00FEBE95+1400773]
	GetHandleVerifier [0x00FEBB61+1399953]
	GetHandleVerifier [0x00FF31FA+1430314]
	GetHandleVerifier [0x00FEC69F+1402831]
	Ordinal0 [0x00D73D61+2112865]
	Ordinal0 [0x00D7E5CB+2155979]
	Ordinal0 [0x00D7E6F5+2156277]
	Ordinal0 [0x00D8F26E+2224750]
	BaseThreadInitThunk [0x76A0FA29+25]
	RtlGetAppContainerNamedObjectPath [0x778B76B4+228]
	RtlGetAppContainerNamedObjectPath [0x778B7684+180]
">
      <![CDATA[org.openqa.selenium.SessionNotCreatedException: session not created: This version of ChromeDriver only supports Chrome version 86
Current browser version is 88.0.4324.190 with binary path C:\Program Files (x86)\Google\Chrome\Application\chrome.exe
Build info: version: '3.141.59', revision: 'e82be7d358', time: '2018-11-14T08:17:03'
System info: host: 'A', ip: '192.168.1.15', os.name: 'Windows 10', os.arch: 'amd64', os.version: '10.0', java.version: '1.8.0_251'
Driver info: driver.version: ChromeDriver
remote stacktrace: Backtrace:
	Ordinal0 [0x00E7C013+3194899]
	Ordinal0 [0x00D66021+2056225]
	Ordinal0 [0x00BFF608+587272]
	Ordinal0 [0x00B81BF3+72691]
	Ordinal0 [0x00B7E229+57897]
	Ordinal0 [0x00B7C64A+50762]
	Ordinal0 [0x00BA1EE9+204521]
	Ordinal0 [0x00BA1D0D+204045]
	Ordinal0 [0x00B9FC1B+195611]
	Ordinal0 [0x00B83B7F+80767]
	Ordinal0 [0x00B84B4E+84814]
	Ordinal0 [0x00B84AD9+84697]
	Ordinal0 [0x00D7CE64+2149988]
	GetHandleVerifier [0x00FEBE95+1400773]
	GetHandleVerifier [0x00FEBB61+1399953]
	GetHandleVerifier [0x00FF31FA+1430314]
	GetHandleVerifier [0x00FEC69F+1402831]
	Ordinal0 [0x00D73D61+2112865]
	Ordinal0 [0x00D7E5CB+2155979]
	Ordinal0 [0x00D7E6F5+2156277]
	Ordinal0 [0x00D8F26E+2224750]
	BaseThreadInitThunk [0x76A0FA29+25]
	RtlGetAppContainerNamedObjectPath [0x778B76B4+228]
	RtlGetAppContainerNamedObjectPath [0x778B7684+180]

	at sun.reflect.NativeConstructorAccessorImpl.newInstance0(Native Method)
	at sun.reflect.NativeConstructorAccessorImpl.newInstance(NativeConstructorAccessorImpl.java:62)
	at sun.reflect.DelegatingConstructorAccessorImpl.newInstance(DelegatingConstructorAccessorImpl.java:45)
	at java.lang.reflect.Constructor.newInstance(Constructor.java:423)
	at org.openqa.selenium.remote.W3CHandshakeResponse.lambda$errorHandler$0(W3CHandshakeResponse.java:62)
	at org.openqa.selenium.remote.HandshakeResponse.lambda$getResponseFunction$0(HandshakeResponse.java:30)
	at org.openqa.selenium.remote.ProtocolHandshake.lambda$createSession$0(ProtocolHandshake.java:126)
	at java.util.stream.ReferencePipeline$3$1.accept(ReferencePipeline.java:193)
	at java.util.Spliterators$ArraySpliterator.tryAdvance(Spliterators.java:958)
	at java.util.stream.ReferencePipeline.forEachWithCancel(ReferencePipeline.java:126)
	at java.util.stream.AbstractPipeline.copyIntoWithCancel(AbstractPipeline.java:499)
	at java.util.stream.AbstractPipeline.copyInto(AbstractPipeline.java:486)
	at java.util.stream.AbstractPipeline.wrapAndCopyInto(AbstractPipeline.java:472)
	at java.util.stream.FindOps$FindOp.evaluateSequential(FindOps.java:152)
	at java.util.stream.AbstractPipeline.evaluate(AbstractPipeline.java:234)
	at java.util.stream.ReferencePipeline.findFirst(ReferencePipeline.java:464)
	at org.openqa.selenium.remote.ProtocolHandshake.createSession(ProtocolHandshake.java:128)
	at org.openqa.selenium.remote.ProtocolHandshake.createSession(ProtocolHandshake.java:74)
	at org.openqa.selenium.remote.HttpCommandExecutor.execute(HttpCommandExecutor.java:136)
	at org.openqa.selenium.remote.service.DriverCommandExecutor.execute(DriverCommandExecutor.java:83)
	at org.openqa.selenium.remote.RemoteWebDriver.execute(RemoteWebDriver.java:552)
	at org.openqa.selenium.remote.RemoteWebDriver.startSession(RemoteWebDriver.java:213)
	at org.openqa.selenium.remote.RemoteWebDriver.<init>(RemoteWebDriver.java:131)
	at org.openqa.selenium.chrome.ChromeDriver.<init>(ChromeDriver.java:181)
	at org.openqa.selenium.chrome.ChromeDriver.<init>(ChromeDriver.java:168)
	at org.openqa.selenium.chrome.ChromeDriver.<init>(ChromeDriver.java:123)
	at configuration.BaseClass.setUp(BaseClass.java:51)
	at sun.reflect.NativeMethodAccessorImpl.invoke0(Native Method)
	at sun.reflect.NativeMethodAccessorImpl.invoke(NativeMethodAccessorImpl.java:62)
	at sun.reflect.DelegatingMethodAccessorImpl.invoke(DelegatingMethodAccessorImpl.java:43)
	at java.lang.reflect.Method.invoke(Method.java:498)
	at org.testng.internal.MethodInvocationHelper.invokeMethod(MethodInvocationHelper.java:86)
	at org.testng.internal.Invoker.invokeConfigurationMethod(Invoker.java:515)
	at org.testng.internal.Invoker.invokeConfigurations(Invoker.java:216)
	at org.testng.internal.Invoker.invokeConfigurations(Invoker.java:143)
	at org.testng.TestRunner.beforeRun(TestRunner.java:656)
	at org.testng.TestRunner.run(TestRunner.java:624)
	at org.testng.SuiteRunner.runTest(SuiteRunner.java:366)
	at org.testng.SuiteRunner.runSequentially(SuiteRunner.java:361)
	at org.testng.SuiteRunner.privateRun(SuiteRunner.java:319)
	at org.testng.SuiteRunner.run(SuiteRunner.java:268)
	at org.testng.SuiteRunnerWorker.runSuite(SuiteRunnerWorker.java:52)
	at org.testng.SuiteRunnerWorker.run(SuiteRunnerWorker.java:86)
	at org.testng.TestNG.runSuitesSequentially(TestNG.java:1225)
	at org.testng.TestNG.runSuitesLocally(TestNG.java:1150)
	at org.testng.TestNG.runSuites(TestNG.java:1075)
	at org.testng.TestNG.run(TestNG.java:1047)
	at org.testng.remote.AbstractRemoteTestNG.run(AbstractRemoteTestNG.java:126)
	at org.testng.remote.RemoteTestNG.initAndRun(RemoteTestNG.java:137)
	at org.testng.remote.RemoteTestNG.main(RemoteTestNG.java:58)
]]>
    </error>
  </testcase> <!-- TC08 -->
  <testcase name="TC14" time="0.001" classname="testScripts.ShortTermHourly">
    <error type="org.openqa.selenium.SessionNotCreatedException" message="session not created: This version of ChromeDriver only supports Chrome version 86
Current browser version is 88.0.4324.190 with binary path C:\Program Files (x86)\Google\Chrome\Application\chrome.exe
Build info: version: &#039;3.141.59&#039;, revision: &#039;e82be7d358&#039;, time: &#039;2018-11-14T08:17:03&#039;
System info: host: &#039;A&#039;, ip: &#039;192.168.1.15&#039;, os.name: &#039;Windows 10&#039;, os.arch: &#039;amd64&#039;, os.version: &#039;10.0&#039;, java.version: &#039;1.8.0_251&#039;
Driver info: driver.version: ChromeDriver
remote stacktrace: Backtrace:
	Ordinal0 [0x00E7C013+3194899]
	Ordinal0 [0x00D66021+2056225]
	Ordinal0 [0x00BFF608+587272]
	Ordinal0 [0x00B81BF3+72691]
	Ordinal0 [0x00B7E229+57897]
	Ordinal0 [0x00B7C64A+50762]
	Ordinal0 [0x00BA1EE9+204521]
	Ordinal0 [0x00BA1D0D+204045]
	Ordinal0 [0x00B9FC1B+195611]
	Ordinal0 [0x00B83B7F+80767]
	Ordinal0 [0x00B84B4E+84814]
	Ordinal0 [0x00B84AD9+84697]
	Ordinal0 [0x00D7CE64+2149988]
	GetHandleVerifier [0x00FEBE95+1400773]
	GetHandleVerifier [0x00FEBB61+1399953]
	GetHandleVerifier [0x00FF31FA+1430314]
	GetHandleVerifier [0x00FEC69F+1402831]
	Ordinal0 [0x00D73D61+2112865]
	Ordinal0 [0x00D7E5CB+2155979]
	Ordinal0 [0x00D7E6F5+2156277]
	Ordinal0 [0x00D8F26E+2224750]
	BaseThreadInitThunk [0x76A0FA29+25]
	RtlGetAppContainerNamedObjectPath [0x778B76B4+228]
	RtlGetAppContainerNamedObjectPath [0x778B7684+180]
">
      <![CDATA[org.openqa.selenium.SessionNotCreatedException: session not created: This version of ChromeDriver only supports Chrome version 86
Current browser version is 88.0.4324.190 with binary path C:\Program Files (x86)\Google\Chrome\Application\chrome.exe
Build info: version: '3.141.59', revision: 'e82be7d358', time: '2018-11-14T08:17:03'
System info: host: 'A', ip: '192.168.1.15', os.name: 'Windows 10', os.arch: 'amd64', os.version: '10.0', java.version: '1.8.0_251'
Driver info: driver.version: ChromeDriver
remote stacktrace: Backtrace:
	Ordinal0 [0x00E7C013+3194899]
	Ordinal0 [0x00D66021+2056225]
	Ordinal0 [0x00BFF608+587272]
	Ordinal0 [0x00B81BF3+72691]
	Ordinal0 [0x00B7E229+57897]
	Ordinal0 [0x00B7C64A+50762]
	Ordinal0 [0x00BA1EE9+204521]
	Ordinal0 [0x00BA1D0D+204045]
	Ordinal0 [0x00B9FC1B+195611]
	Ordinal0 [0x00B83B7F+80767]
	Ordinal0 [0x00B84B4E+84814]
	Ordinal0 [0x00B84AD9+84697]
	Ordinal0 [0x00D7CE64+2149988]
	GetHandleVerifier [0x00FEBE95+1400773]
	GetHandleVerifier [0x00FEBB61+1399953]
	GetHandleVerifier [0x00FF31FA+1430314]
	GetHandleVerifier [0x00FEC69F+1402831]
	Ordinal0 [0x00D73D61+2112865]
	Ordinal0 [0x00D7E5CB+2155979]
	Ordinal0 [0x00D7E6F5+2156277]
	Ordinal0 [0x00D8F26E+2224750]
	BaseThreadInitThunk [0x76A0FA29+25]
	RtlGetAppContainerNamedObjectPath [0x778B76B4+228]
	RtlGetAppContainerNamedObjectPath [0x778B7684+180]

	at sun.reflect.NativeConstructorAccessorImpl.newInstance0(Native Method)
	at sun.reflect.NativeConstructorAccessorImpl.newInstance(NativeConstructorAccessorImpl.java:62)
	at sun.reflect.DelegatingConstructorAccessorImpl.newInstance(DelegatingConstructorAccessorImpl.java:45)
	at java.lang.reflect.Constructor.newInstance(Constructor.java:423)
	at org.openqa.selenium.remote.W3CHandshakeResponse.lambda$errorHandler$0(W3CHandshakeResponse.java:62)
	at org.openqa.selenium.remote.HandshakeResponse.lambda$getResponseFunction$0(HandshakeResponse.java:30)
	at org.openqa.selenium.remote.ProtocolHandshake.lambda$createSession$0(ProtocolHandshake.java:126)
	at java.util.stream.ReferencePipeline$3$1.accept(ReferencePipeline.java:193)
	at java.util.Spliterators$ArraySpliterator.tryAdvance(Spliterators.java:958)
	at java.util.stream.ReferencePipeline.forEachWithCancel(ReferencePipeline.java:126)
	at java.util.stream.AbstractPipeline.copyIntoWithCancel(AbstractPipeline.java:499)
	at java.util.stream.AbstractPipeline.copyInto(AbstractPipeline.java:486)
	at java.util.stream.AbstractPipeline.wrapAndCopyInto(AbstractPipeline.java:472)
	at java.util.stream.FindOps$FindOp.evaluateSequential(FindOps.java:152)
	at java.util.stream.AbstractPipeline.evaluate(AbstractPipeline.java:234)
	at java.util.stream.ReferencePipeline.findFirst(ReferencePipeline.java:464)
	at org.openqa.selenium.remote.ProtocolHandshake.createSession(ProtocolHandshake.java:128)
	at org.openqa.selenium.remote.ProtocolHandshake.createSession(ProtocolHandshake.java:74)
	at org.openqa.selenium.remote.HttpCommandExecutor.execute(HttpCommandExecutor.java:136)
	at org.openqa.selenium.remote.service.DriverCommandExecutor.execute(DriverCommandExecutor.java:83)
	at org.openqa.selenium.remote.RemoteWebDriver.execute(RemoteWebDriver.java:552)
	at org.openqa.selenium.remote.RemoteWebDriver.startSession(RemoteWebDriver.java:213)
	at org.openqa.selenium.remote.RemoteWebDriver.<init>(RemoteWebDriver.java:131)
	at org.openqa.selenium.chrome.ChromeDriver.<init>(ChromeDriver.java:181)
	at org.openqa.selenium.chrome.ChromeDriver.<init>(ChromeDriver.java:168)
	at org.openqa.selenium.chrome.ChromeDriver.<init>(ChromeDriver.java:123)
	at configuration.BaseClass.setUp(BaseClass.java:51)
	at sun.reflect.NativeMethodAccessorImpl.invoke0(Native Method)
	at sun.reflect.NativeMethodAccessorImpl.invoke(NativeMethodAccessorImpl.java:62)
	at sun.reflect.DelegatingMethodAccessorImpl.invoke(DelegatingMethodAccessorImpl.java:43)
	at java.lang.reflect.Method.invoke(Method.java:498)
	at org.testng.internal.MethodInvocationHelper.invokeMethod(MethodInvocationHelper.java:86)
	at org.testng.internal.Invoker.invokeConfigurationMethod(Invoker.java:515)
	at org.testng.internal.Invoker.invokeConfigurations(Invoker.java:216)
	at org.testng.internal.Invoker.invokeConfigurations(Invoker.java:143)
	at org.testng.TestRunner.beforeRun(TestRunner.java:656)
	at org.testng.TestRunner.run(TestRunner.java:624)
	at org.testng.SuiteRunner.runTest(SuiteRunner.java:366)
	at org.testng.SuiteRunner.runSequentially(SuiteRunner.java:361)
	at org.testng.SuiteRunner.privateRun(SuiteRunner.java:319)
	at org.testng.SuiteRunner.run(SuiteRunner.java:268)
	at org.testng.SuiteRunnerWorker.runSuite(SuiteRunnerWorker.java:52)
	at org.testng.SuiteRunnerWorker.run(SuiteRunnerWorker.java:86)
	at org.testng.TestNG.runSuitesSequentially(TestNG.java:1225)
	at org.testng.TestNG.runSuitesLocally(TestNG.java:1150)
	at org.testng.TestNG.runSuites(TestNG.java:1075)
	at org.testng.TestNG.run(TestNG.java:1047)
	at org.testng.remote.AbstractRemoteTestNG.run(AbstractRemoteTestNG.java:126)
	at org.testng.remote.RemoteTestNG.initAndRun(RemoteTestNG.java:137)
	at org.testng.remote.RemoteTestNG.main(RemoteTestNG.java:58)
]]>
    </error>
  </testcase> <!-- TC14 -->
  <testcase name="TC07" time="0.001" classname="testScripts.ShortTermHourly">
    <error type="org.openqa.selenium.SessionNotCreatedException" message="session not created: This version of ChromeDriver only supports Chrome version 86
Current browser version is 88.0.4324.190 with binary path C:\Program Files (x86)\Google\Chrome\Application\chrome.exe
Build info: version: &#039;3.141.59&#039;, revision: &#039;e82be7d358&#039;, time: &#039;2018-11-14T08:17:03&#039;
System info: host: &#039;A&#039;, ip: &#039;192.168.1.15&#039;, os.name: &#039;Windows 10&#039;, os.arch: &#039;amd64&#039;, os.version: &#039;10.0&#039;, java.version: &#039;1.8.0_251&#039;
Driver info: driver.version: ChromeDriver
remote stacktrace: Backtrace:
	Ordinal0 [0x00E7C013+3194899]
	Ordinal0 [0x00D66021+2056225]
	Ordinal0 [0x00BFF608+587272]
	Ordinal0 [0x00B81BF3+72691]
	Ordinal0 [0x00B7E229+57897]
	Ordinal0 [0x00B7C64A+50762]
	Ordinal0 [0x00BA1EE9+204521]
	Ordinal0 [0x00BA1D0D+204045]
	Ordinal0 [0x00B9FC1B+195611]
	Ordinal0 [0x00B83B7F+80767]
	Ordinal0 [0x00B84B4E+84814]
	Ordinal0 [0x00B84AD9+84697]
	Ordinal0 [0x00D7CE64+2149988]
	GetHandleVerifier [0x00FEBE95+1400773]
	GetHandleVerifier [0x00FEBB61+1399953]
	GetHandleVerifier [0x00FF31FA+1430314]
	GetHandleVerifier [0x00FEC69F+1402831]
	Ordinal0 [0x00D73D61+2112865]
	Ordinal0 [0x00D7E5CB+2155979]
	Ordinal0 [0x00D7E6F5+2156277]
	Ordinal0 [0x00D8F26E+2224750]
	BaseThreadInitThunk [0x76A0FA29+25]
	RtlGetAppContainerNamedObjectPath [0x778B76B4+228]
	RtlGetAppContainerNamedObjectPath [0x778B7684+180]
">
      <![CDATA[org.openqa.selenium.SessionNotCreatedException: session not created: This version of ChromeDriver only supports Chrome version 86
Current browser version is 88.0.4324.190 with binary path C:\Program Files (x86)\Google\Chrome\Application\chrome.exe
Build info: version: '3.141.59', revision: 'e82be7d358', time: '2018-11-14T08:17:03'
System info: host: 'A', ip: '192.168.1.15', os.name: 'Windows 10', os.arch: 'amd64', os.version: '10.0', java.version: '1.8.0_251'
Driver info: driver.version: ChromeDriver
remote stacktrace: Backtrace:
	Ordinal0 [0x00E7C013+3194899]
	Ordinal0 [0x00D66021+2056225]
	Ordinal0 [0x00BFF608+587272]
	Ordinal0 [0x00B81BF3+72691]
	Ordinal0 [0x00B7E229+57897]
	Ordinal0 [0x00B7C64A+50762]
	Ordinal0 [0x00BA1EE9+204521]
	Ordinal0 [0x00BA1D0D+204045]
	Ordinal0 [0x00B9FC1B+195611]
	Ordinal0 [0x00B83B7F+80767]
	Ordinal0 [0x00B84B4E+84814]
	Ordinal0 [0x00B84AD9+84697]
	Ordinal0 [0x00D7CE64+2149988]
	GetHandleVerifier [0x00FEBE95+1400773]
	GetHandleVerifier [0x00FEBB61+1399953]
	GetHandleVerifier [0x00FF31FA+1430314]
	GetHandleVerifier [0x00FEC69F+1402831]
	Ordinal0 [0x00D73D61+2112865]
	Ordinal0 [0x00D7E5CB+2155979]
	Ordinal0 [0x00D7E6F5+2156277]
	Ordinal0 [0x00D8F26E+2224750]
	BaseThreadInitThunk [0x76A0FA29+25]
	RtlGetAppContainerNamedObjectPath [0x778B76B4+228]
	RtlGetAppContainerNamedObjectPath [0x778B7684+180]

	at sun.reflect.NativeConstructorAccessorImpl.newInstance0(Native Method)
	at sun.reflect.NativeConstructorAccessorImpl.newInstance(NativeConstructorAccessorImpl.java:62)
	at sun.reflect.DelegatingConstructorAccessorImpl.newInstance(DelegatingConstructorAccessorImpl.java:45)
	at java.lang.reflect.Constructor.newInstance(Constructor.java:423)
	at org.openqa.selenium.remote.W3CHandshakeResponse.lambda$errorHandler$0(W3CHandshakeResponse.java:62)
	at org.openqa.selenium.remote.HandshakeResponse.lambda$getResponseFunction$0(HandshakeResponse.java:30)
	at org.openqa.selenium.remote.ProtocolHandshake.lambda$createSession$0(ProtocolHandshake.java:126)
	at java.util.stream.ReferencePipeline$3$1.accept(ReferencePipeline.java:193)
	at java.util.Spliterators$ArraySpliterator.tryAdvance(Spliterators.java:958)
	at java.util.stream.ReferencePipeline.forEachWithCancel(ReferencePipeline.java:126)
	at java.util.stream.AbstractPipeline.copyIntoWithCancel(AbstractPipeline.java:499)
	at java.util.stream.AbstractPipeline.copyInto(AbstractPipeline.java:486)
	at java.util.stream.AbstractPipeline.wrapAndCopyInto(AbstractPipeline.java:472)
	at java.util.stream.FindOps$FindOp.evaluateSequential(FindOps.java:152)
	at java.util.stream.AbstractPipeline.evaluate(AbstractPipeline.java:234)
	at java.util.stream.ReferencePipeline.findFirst(ReferencePipeline.java:464)
	at org.openqa.selenium.remote.ProtocolHandshake.createSession(ProtocolHandshake.java:128)
	at org.openqa.selenium.remote.ProtocolHandshake.createSession(ProtocolHandshake.java:74)
	at org.openqa.selenium.remote.HttpCommandExecutor.execute(HttpCommandExecutor.java:136)
	at org.openqa.selenium.remote.service.DriverCommandExecutor.execute(DriverCommandExecutor.java:83)
	at org.openqa.selenium.remote.RemoteWebDriver.execute(RemoteWebDriver.java:552)
	at org.openqa.selenium.remote.RemoteWebDriver.startSession(RemoteWebDriver.java:213)
	at org.openqa.selenium.remote.RemoteWebDriver.<init>(RemoteWebDriver.java:131)
	at org.openqa.selenium.chrome.ChromeDriver.<init>(ChromeDriver.java:181)
	at org.openqa.selenium.chrome.ChromeDriver.<init>(ChromeDriver.java:168)
	at org.openqa.selenium.chrome.ChromeDriver.<init>(ChromeDriver.java:123)
	at configuration.BaseClass.setUp(BaseClass.java:51)
	at sun.reflect.NativeMethodAccessorImpl.invoke0(Native Method)
	at sun.reflect.NativeMethodAccessorImpl.invoke(NativeMethodAccessorImpl.java:62)
	at sun.reflect.DelegatingMethodAccessorImpl.invoke(DelegatingMethodAccessorImpl.java:43)
	at java.lang.reflect.Method.invoke(Method.java:498)
	at org.testng.internal.MethodInvocationHelper.invokeMethod(MethodInvocationHelper.java:86)
	at org.testng.internal.Invoker.invokeConfigurationMethod(Invoker.java:515)
	at org.testng.internal.Invoker.invokeConfigurations(Invoker.java:216)
	at org.testng.internal.Invoker.invokeConfigurations(Invoker.java:143)
	at org.testng.TestRunner.beforeRun(TestRunner.java:656)
	at org.testng.TestRunner.run(TestRunner.java:624)
	at org.testng.SuiteRunner.runTest(SuiteRunner.java:366)
	at org.testng.SuiteRunner.runSequentially(SuiteRunner.java:361)
	at org.testng.SuiteRunner.privateRun(SuiteRunner.java:319)
	at org.testng.SuiteRunner.run(SuiteRunner.java:268)
	at org.testng.SuiteRunnerWorker.runSuite(SuiteRunnerWorker.java:52)
	at org.testng.SuiteRunnerWorker.run(SuiteRunnerWorker.java:86)
	at org.testng.TestNG.runSuitesSequentially(TestNG.java:1225)
	at org.testng.TestNG.runSuitesLocally(TestNG.java:1150)
	at org.testng.TestNG.runSuites(TestNG.java:1075)
	at org.testng.TestNG.run(TestNG.java:1047)
	at org.testng.remote.AbstractRemoteTestNG.run(AbstractRemoteTestNG.java:126)
	at org.testng.remote.RemoteTestNG.initAndRun(RemoteTestNG.java:137)
	at org.testng.remote.RemoteTestNG.main(RemoteTestNG.java:58)
]]>
    </error>
  </testcase> <!-- TC07 -->
  <testcase name="TC15" time="0.001" classname="testScripts.ShortTermHourly">
    <error type="org.openqa.selenium.SessionNotCreatedException" message="session not created: This version of ChromeDriver only supports Chrome version 86
Current browser version is 88.0.4324.190 with binary path C:\Program Files (x86)\Google\Chrome\Application\chrome.exe
Build info: version: &#039;3.141.59&#039;, revision: &#039;e82be7d358&#039;, time: &#039;2018-11-14T08:17:03&#039;
System info: host: &#039;A&#039;, ip: &#039;192.168.1.15&#039;, os.name: &#039;Windows 10&#039;, os.arch: &#039;amd64&#039;, os.version: &#039;10.0&#039;, java.version: &#039;1.8.0_251&#039;
Driver info: driver.version: ChromeDriver
remote stacktrace: Backtrace:
	Ordinal0 [0x00E7C013+3194899]
	Ordinal0 [0x00D66021+2056225]
	Ordinal0 [0x00BFF608+587272]
	Ordinal0 [0x00B81BF3+72691]
	Ordinal0 [0x00B7E229+57897]
	Ordinal0 [0x00B7C64A+50762]
	Ordinal0 [0x00BA1EE9+204521]
	Ordinal0 [0x00BA1D0D+204045]
	Ordinal0 [0x00B9FC1B+195611]
	Ordinal0 [0x00B83B7F+80767]
	Ordinal0 [0x00B84B4E+84814]
	Ordinal0 [0x00B84AD9+84697]
	Ordinal0 [0x00D7CE64+2149988]
	GetHandleVerifier [0x00FEBE95+1400773]
	GetHandleVerifier [0x00FEBB61+1399953]
	GetHandleVerifier [0x00FF31FA+1430314]
	GetHandleVerifier [0x00FEC69F+1402831]
	Ordinal0 [0x00D73D61+2112865]
	Ordinal0 [0x00D7E5CB+2155979]
	Ordinal0 [0x00D7E6F5+2156277]
	Ordinal0 [0x00D8F26E+2224750]
	BaseThreadInitThunk [0x76A0FA29+25]
	RtlGetAppContainerNamedObjectPath [0x778B76B4+228]
	RtlGetAppContainerNamedObjectPath [0x778B7684+180]
">
      <![CDATA[org.openqa.selenium.SessionNotCreatedException: session not created: This version of ChromeDriver only supports Chrome version 86
Current browser version is 88.0.4324.190 with binary path C:\Program Files (x86)\Google\Chrome\Application\chrome.exe
Build info: version: '3.141.59', revision: 'e82be7d358', time: '2018-11-14T08:17:03'
System info: host: 'A', ip: '192.168.1.15', os.name: 'Windows 10', os.arch: 'amd64', os.version: '10.0', java.version: '1.8.0_251'
Driver info: driver.version: ChromeDriver
remote stacktrace: Backtrace:
	Ordinal0 [0x00E7C013+3194899]
	Ordinal0 [0x00D66021+2056225]
	Ordinal0 [0x00BFF608+587272]
	Ordinal0 [0x00B81BF3+72691]
	Ordinal0 [0x00B7E229+57897]
	Ordinal0 [0x00B7C64A+50762]
	Ordinal0 [0x00BA1EE9+204521]
	Ordinal0 [0x00BA1D0D+204045]
	Ordinal0 [0x00B9FC1B+195611]
	Ordinal0 [0x00B83B7F+80767]
	Ordinal0 [0x00B84B4E+84814]
	Ordinal0 [0x00B84AD9+84697]
	Ordinal0 [0x00D7CE64+2149988]
	GetHandleVerifier [0x00FEBE95+1400773]
	GetHandleVerifier [0x00FEBB61+1399953]
	GetHandleVerifier [0x00FF31FA+1430314]
	GetHandleVerifier [0x00FEC69F+1402831]
	Ordinal0 [0x00D73D61+2112865]
	Ordinal0 [0x00D7E5CB+2155979]
	Ordinal0 [0x00D7E6F5+2156277]
	Ordinal0 [0x00D8F26E+2224750]
	BaseThreadInitThunk [0x76A0FA29+25]
	RtlGetAppContainerNamedObjectPath [0x778B76B4+228]
	RtlGetAppContainerNamedObjectPath [0x778B7684+180]

	at sun.reflect.NativeConstructorAccessorImpl.newInstance0(Native Method)
	at sun.reflect.NativeConstructorAccessorImpl.newInstance(NativeConstructorAccessorImpl.java:62)
	at sun.reflect.DelegatingConstructorAccessorImpl.newInstance(DelegatingConstructorAccessorImpl.java:45)
	at java.lang.reflect.Constructor.newInstance(Constructor.java:423)
	at org.openqa.selenium.remote.W3CHandshakeResponse.lambda$errorHandler$0(W3CHandshakeResponse.java:62)
	at org.openqa.selenium.remote.HandshakeResponse.lambda$getResponseFunction$0(HandshakeResponse.java:30)
	at org.openqa.selenium.remote.ProtocolHandshake.lambda$createSession$0(ProtocolHandshake.java:126)
	at java.util.stream.ReferencePipeline$3$1.accept(ReferencePipeline.java:193)
	at java.util.Spliterators$ArraySpliterator.tryAdvance(Spliterators.java:958)
	at java.util.stream.ReferencePipeline.forEachWithCancel(ReferencePipeline.java:126)
	at java.util.stream.AbstractPipeline.copyIntoWithCancel(AbstractPipeline.java:499)
	at java.util.stream.AbstractPipeline.copyInto(AbstractPipeline.java:486)
	at java.util.stream.AbstractPipeline.wrapAndCopyInto(AbstractPipeline.java:472)
	at java.util.stream.FindOps$FindOp.evaluateSequential(FindOps.java:152)
	at java.util.stream.AbstractPipeline.evaluate(AbstractPipeline.java:234)
	at java.util.stream.ReferencePipeline.findFirst(ReferencePipeline.java:464)
	at org.openqa.selenium.remote.ProtocolHandshake.createSession(ProtocolHandshake.java:128)
	at org.openqa.selenium.remote.ProtocolHandshake.createSession(ProtocolHandshake.java:74)
	at org.openqa.selenium.remote.HttpCommandExecutor.execute(HttpCommandExecutor.java:136)
	at org.openqa.selenium.remote.service.DriverCommandExecutor.execute(DriverCommandExecutor.java:83)
	at org.openqa.selenium.remote.RemoteWebDriver.execute(RemoteWebDriver.java:552)
	at org.openqa.selenium.remote.RemoteWebDriver.startSession(RemoteWebDriver.java:213)
	at org.openqa.selenium.remote.RemoteWebDriver.<init>(RemoteWebDriver.java:131)
	at org.openqa.selenium.chrome.ChromeDriver.<init>(ChromeDriver.java:181)
	at org.openqa.selenium.chrome.ChromeDriver.<init>(ChromeDriver.java:168)
	at org.openqa.selenium.chrome.ChromeDriver.<init>(ChromeDriver.java:123)
	at configuration.BaseClass.setUp(BaseClass.java:51)
	at sun.reflect.NativeMethodAccessorImpl.invoke0(Native Method)
	at sun.reflect.NativeMethodAccessorImpl.invoke(NativeMethodAccessorImpl.java:62)
	at sun.reflect.DelegatingMethodAccessorImpl.invoke(DelegatingMethodAccessorImpl.java:43)
	at java.lang.reflect.Method.invoke(Method.java:498)
	at org.testng.internal.MethodInvocationHelper.invokeMethod(MethodInvocationHelper.java:86)
	at org.testng.internal.Invoker.invokeConfigurationMethod(Invoker.java:515)
	at org.testng.internal.Invoker.invokeConfigurations(Invoker.java:216)
	at org.testng.internal.Invoker.invokeConfigurations(Invoker.java:143)
	at org.testng.TestRunner.beforeRun(TestRunner.java:656)
	at org.testng.TestRunner.run(TestRunner.java:624)
	at org.testng.SuiteRunner.runTest(SuiteRunner.java:366)
	at org.testng.SuiteRunner.runSequentially(SuiteRunner.java:361)
	at org.testng.SuiteRunner.privateRun(SuiteRunner.java:319)
	at org.testng.SuiteRunner.run(SuiteRunner.java:268)
	at org.testng.SuiteRunnerWorker.runSuite(SuiteRunnerWorker.java:52)
	at org.testng.SuiteRunnerWorker.run(SuiteRunnerWorker.java:86)
	at org.testng.TestNG.runSuitesSequentially(TestNG.java:1225)
	at org.testng.TestNG.runSuitesLocally(TestNG.java:1150)
	at org.testng.TestNG.runSuites(TestNG.java:1075)
	at org.testng.TestNG.run(TestNG.java:1047)
	at org.testng.remote.AbstractRemoteTestNG.run(AbstractRemoteTestNG.java:126)
	at org.testng.remote.RemoteTestNG.initAndRun(RemoteTestNG.java:137)
	at org.testng.remote.RemoteTestNG.main(RemoteTestNG.java:58)
]]>
    </error>
  </testcase> <!-- TC15 -->
  <testcase name="TC17" time="0.005" classname="testScripts.ShortTermHourly">
    <error type="org.openqa.selenium.SessionNotCreatedException" message="session not created: This version of ChromeDriver only supports Chrome version 86
Current browser version is 88.0.4324.190 with binary path C:\Program Files (x86)\Google\Chrome\Application\chrome.exe
Build info: version: &#039;3.141.59&#039;, revision: &#039;e82be7d358&#039;, time: &#039;2018-11-14T08:17:03&#039;
System info: host: &#039;A&#039;, ip: &#039;192.168.1.15&#039;, os.name: &#039;Windows 10&#039;, os.arch: &#039;amd64&#039;, os.version: &#039;10.0&#039;, java.version: &#039;1.8.0_251&#039;
Driver info: driver.version: ChromeDriver
remote stacktrace: Backtrace:
	Ordinal0 [0x00E7C013+3194899]
	Ordinal0 [0x00D66021+2056225]
	Ordinal0 [0x00BFF608+587272]
	Ordinal0 [0x00B81BF3+72691]
	Ordinal0 [0x00B7E229+57897]
	Ordinal0 [0x00B7C64A+50762]
	Ordinal0 [0x00BA1EE9+204521]
	Ordinal0 [0x00BA1D0D+204045]
	Ordinal0 [0x00B9FC1B+195611]
	Ordinal0 [0x00B83B7F+80767]
	Ordinal0 [0x00B84B4E+84814]
	Ordinal0 [0x00B84AD9+84697]
	Ordinal0 [0x00D7CE64+2149988]
	GetHandleVerifier [0x00FEBE95+1400773]
	GetHandleVerifier [0x00FEBB61+1399953]
	GetHandleVerifier [0x00FF31FA+1430314]
	GetHandleVerifier [0x00FEC69F+1402831]
	Ordinal0 [0x00D73D61+2112865]
	Ordinal0 [0x00D7E5CB+2155979]
	Ordinal0 [0x00D7E6F5+2156277]
	Ordinal0 [0x00D8F26E+2224750]
	BaseThreadInitThunk [0x76A0FA29+25]
	RtlGetAppContainerNamedObjectPath [0x778B76B4+228]
	RtlGetAppContainerNamedObjectPath [0x778B7684+180]
">
      <![CDATA[org.openqa.selenium.SessionNotCreatedException: session not created: This version of ChromeDriver only supports Chrome version 86
Current browser version is 88.0.4324.190 with binary path C:\Program Files (x86)\Google\Chrome\Application\chrome.exe
Build info: version: '3.141.59', revision: 'e82be7d358', time: '2018-11-14T08:17:03'
System info: host: 'A', ip: '192.168.1.15', os.name: 'Windows 10', os.arch: 'amd64', os.version: '10.0', java.version: '1.8.0_251'
Driver info: driver.version: ChromeDriver
remote stacktrace: Backtrace:
	Ordinal0 [0x00E7C013+3194899]
	Ordinal0 [0x00D66021+2056225]
	Ordinal0 [0x00BFF608+587272]
	Ordinal0 [0x00B81BF3+72691]
	Ordinal0 [0x00B7E229+57897]
	Ordinal0 [0x00B7C64A+50762]
	Ordinal0 [0x00BA1EE9+204521]
	Ordinal0 [0x00BA1D0D+204045]
	Ordinal0 [0x00B9FC1B+195611]
	Ordinal0 [0x00B83B7F+80767]
	Ordinal0 [0x00B84B4E+84814]
	Ordinal0 [0x00B84AD9+84697]
	Ordinal0 [0x00D7CE64+2149988]
	GetHandleVerifier [0x00FEBE95+1400773]
	GetHandleVerifier [0x00FEBB61+1399953]
	GetHandleVerifier [0x00FF31FA+1430314]
	GetHandleVerifier [0x00FEC69F+1402831]
	Ordinal0 [0x00D73D61+2112865]
	Ordinal0 [0x00D7E5CB+2155979]
	Ordinal0 [0x00D7E6F5+2156277]
	Ordinal0 [0x00D8F26E+2224750]
	BaseThreadInitThunk [0x76A0FA29+25]
	RtlGetAppContainerNamedObjectPath [0x778B76B4+228]
	RtlGetAppContainerNamedObjectPath [0x778B7684+180]

	at sun.reflect.NativeConstructorAccessorImpl.newInstance0(Native Method)
	at sun.reflect.NativeConstructorAccessorImpl.newInstance(NativeConstructorAccessorImpl.java:62)
	at sun.reflect.DelegatingConstructorAccessorImpl.newInstance(DelegatingConstructorAccessorImpl.java:45)
	at java.lang.reflect.Constructor.newInstance(Constructor.java:423)
	at org.openqa.selenium.remote.W3CHandshakeResponse.lambda$errorHandler$0(W3CHandshakeResponse.java:62)
	at org.openqa.selenium.remote.HandshakeResponse.lambda$getResponseFunction$0(HandshakeResponse.java:30)
	at org.openqa.selenium.remote.ProtocolHandshake.lambda$createSession$0(ProtocolHandshake.java:126)
	at java.util.stream.ReferencePipeline$3$1.accept(ReferencePipeline.java:193)
	at java.util.Spliterators$ArraySpliterator.tryAdvance(Spliterators.java:958)
	at java.util.stream.ReferencePipeline.forEachWithCancel(ReferencePipeline.java:126)
	at java.util.stream.AbstractPipeline.copyIntoWithCancel(AbstractPipeline.java:499)
	at java.util.stream.AbstractPipeline.copyInto(AbstractPipeline.java:486)
	at java.util.stream.AbstractPipeline.wrapAndCopyInto(AbstractPipeline.java:472)
	at java.util.stream.FindOps$FindOp.evaluateSequential(FindOps.java:152)
	at java.util.stream.AbstractPipeline.evaluate(AbstractPipeline.java:234)
	at java.util.stream.ReferencePipeline.findFirst(ReferencePipeline.java:464)
	at org.openqa.selenium.remote.ProtocolHandshake.createSession(ProtocolHandshake.java:128)
	at org.openqa.selenium.remote.ProtocolHandshake.createSession(ProtocolHandshake.java:74)
	at org.openqa.selenium.remote.HttpCommandExecutor.execute(HttpCommandExecutor.java:136)
	at org.openqa.selenium.remote.service.DriverCommandExecutor.execute(DriverCommandExecutor.java:83)
	at org.openqa.selenium.remote.RemoteWebDriver.execute(RemoteWebDriver.java:552)
	at org.openqa.selenium.remote.RemoteWebDriver.startSession(RemoteWebDriver.java:213)
	at org.openqa.selenium.remote.RemoteWebDriver.<init>(RemoteWebDriver.java:131)
	at org.openqa.selenium.chrome.ChromeDriver.<init>(ChromeDriver.java:181)
	at org.openqa.selenium.chrome.ChromeDriver.<init>(ChromeDriver.java:168)
	at org.openqa.selenium.chrome.ChromeDriver.<init>(ChromeDriver.java:123)
	at configuration.BaseClass.setUp(BaseClass.java:51)
	at sun.reflect.NativeMethodAccessorImpl.invoke0(Native Method)
	at sun.reflect.NativeMethodAccessorImpl.invoke(NativeMethodAccessorImpl.java:62)
	at sun.reflect.DelegatingMethodAccessorImpl.invoke(DelegatingMethodAccessorImpl.java:43)
	at java.lang.reflect.Method.invoke(Method.java:498)
	at org.testng.internal.MethodInvocationHelper.invokeMethod(MethodInvocationHelper.java:86)
	at org.testng.internal.Invoker.invokeConfigurationMethod(Invoker.java:515)
	at org.testng.internal.Invoker.invokeConfigurations(Invoker.java:216)
	at org.testng.internal.Invoker.invokeConfigurations(Invoker.java:143)
	at org.testng.TestRunner.beforeRun(TestRunner.java:656)
	at org.testng.TestRunner.run(TestRunner.java:624)
	at org.testng.SuiteRunner.runTest(SuiteRunner.java:366)
	at org.testng.SuiteRunner.runSequentially(SuiteRunner.java:361)
	at org.testng.SuiteRunner.privateRun(SuiteRunner.java:319)
	at org.testng.SuiteRunner.run(SuiteRunner.java:268)
	at org.testng.SuiteRunnerWorker.runSuite(SuiteRunnerWorker.java:52)
	at org.testng.SuiteRunnerWorker.run(SuiteRunnerWorker.java:86)
	at org.testng.TestNG.runSuitesSequentially(TestNG.java:1225)
	at org.testng.TestNG.runSuitesLocally(TestNG.java:1150)
	at org.testng.TestNG.runSuites(TestNG.java:1075)
	at org.testng.TestNG.run(TestNG.java:1047)
	at org.testng.remote.AbstractRemoteTestNG.run(AbstractRemoteTestNG.java:126)
	at org.testng.remote.RemoteTestNG.initAndRun(RemoteTestNG.java:137)
	at org.testng.remote.RemoteTestNG.main(RemoteTestNG.java:58)
]]>
    </error>
  </testcase> <!-- TC17 -->
  <testcase name="TC05" time="0.003" classname="testScripts.ShortTermHourly">
    <error type="org.openqa.selenium.SessionNotCreatedException" message="session not created: This version of ChromeDriver only supports Chrome version 86
Current browser version is 88.0.4324.190 with binary path C:\Program Files (x86)\Google\Chrome\Application\chrome.exe
Build info: version: &#039;3.141.59&#039;, revision: &#039;e82be7d358&#039;, time: &#039;2018-11-14T08:17:03&#039;
System info: host: &#039;A&#039;, ip: &#039;192.168.1.15&#039;, os.name: &#039;Windows 10&#039;, os.arch: &#039;amd64&#039;, os.version: &#039;10.0&#039;, java.version: &#039;1.8.0_251&#039;
Driver info: driver.version: ChromeDriver
remote stacktrace: Backtrace:
	Ordinal0 [0x00E7C013+3194899]
	Ordinal0 [0x00D66021+2056225]
	Ordinal0 [0x00BFF608+587272]
	Ordinal0 [0x00B81BF3+72691]
	Ordinal0 [0x00B7E229+57897]
	Ordinal0 [0x00B7C64A+50762]
	Ordinal0 [0x00BA1EE9+204521]
	Ordinal0 [0x00BA1D0D+204045]
	Ordinal0 [0x00B9FC1B+195611]
	Ordinal0 [0x00B83B7F+80767]
	Ordinal0 [0x00B84B4E+84814]
	Ordinal0 [0x00B84AD9+84697]
	Ordinal0 [0x00D7CE64+2149988]
	GetHandleVerifier [0x00FEBE95+1400773]
	GetHandleVerifier [0x00FEBB61+1399953]
	GetHandleVerifier [0x00FF31FA+1430314]
	GetHandleVerifier [0x00FEC69F+1402831]
	Ordinal0 [0x00D73D61+2112865]
	Ordinal0 [0x00D7E5CB+2155979]
	Ordinal0 [0x00D7E6F5+2156277]
	Ordinal0 [0x00D8F26E+2224750]
	BaseThreadInitThunk [0x76A0FA29+25]
	RtlGetAppContainerNamedObjectPath [0x778B76B4+228]
	RtlGetAppContainerNamedObjectPath [0x778B7684+180]
">
      <![CDATA[org.openqa.selenium.SessionNotCreatedException: session not created: This version of ChromeDriver only supports Chrome version 86
Current browser version is 88.0.4324.190 with binary path C:\Program Files (x86)\Google\Chrome\Application\chrome.exe
Build info: version: '3.141.59', revision: 'e82be7d358', time: '2018-11-14T08:17:03'
System info: host: 'A', ip: '192.168.1.15', os.name: 'Windows 10', os.arch: 'amd64', os.version: '10.0', java.version: '1.8.0_251'
Driver info: driver.version: ChromeDriver
remote stacktrace: Backtrace:
	Ordinal0 [0x00E7C013+3194899]
	Ordinal0 [0x00D66021+2056225]
	Ordinal0 [0x00BFF608+587272]
	Ordinal0 [0x00B81BF3+72691]
	Ordinal0 [0x00B7E229+57897]
	Ordinal0 [0x00B7C64A+50762]
	Ordinal0 [0x00BA1EE9+204521]
	Ordinal0 [0x00BA1D0D+204045]
	Ordinal0 [0x00B9FC1B+195611]
	Ordinal0 [0x00B83B7F+80767]
	Ordinal0 [0x00B84B4E+84814]
	Ordinal0 [0x00B84AD9+84697]
	Ordinal0 [0x00D7CE64+2149988]
	GetHandleVerifier [0x00FEBE95+1400773]
	GetHandleVerifier [0x00FEBB61+1399953]
	GetHandleVerifier [0x00FF31FA+1430314]
	GetHandleVerifier [0x00FEC69F+1402831]
	Ordinal0 [0x00D73D61+2112865]
	Ordinal0 [0x00D7E5CB+2155979]
	Ordinal0 [0x00D7E6F5+2156277]
	Ordinal0 [0x00D8F26E+2224750]
	BaseThreadInitThunk [0x76A0FA29+25]
	RtlGetAppContainerNamedObjectPath [0x778B76B4+228]
	RtlGetAppContainerNamedObjectPath [0x778B7684+180]

	at sun.reflect.NativeConstructorAccessorImpl.newInstance0(Native Method)
	at sun.reflect.NativeConstructorAccessorImpl.newInstance(NativeConstructorAccessorImpl.java:62)
	at sun.reflect.DelegatingConstructorAccessorImpl.newInstance(DelegatingConstructorAccessorImpl.java:45)
	at java.lang.reflect.Constructor.newInstance(Constructor.java:423)
	at org.openqa.selenium.remote.W3CHandshakeResponse.lambda$errorHandler$0(W3CHandshakeResponse.java:62)
	at org.openqa.selenium.remote.HandshakeResponse.lambda$getResponseFunction$0(HandshakeResponse.java:30)
	at org.openqa.selenium.remote.ProtocolHandshake.lambda$createSession$0(ProtocolHandshake.java:126)
	at java.util.stream.ReferencePipeline$3$1.accept(ReferencePipeline.java:193)
	at java.util.Spliterators$ArraySpliterator.tryAdvance(Spliterators.java:958)
	at java.util.stream.ReferencePipeline.forEachWithCancel(ReferencePipeline.java:126)
	at java.util.stream.AbstractPipeline.copyIntoWithCancel(AbstractPipeline.java:499)
	at java.util.stream.AbstractPipeline.copyInto(AbstractPipeline.java:486)
	at java.util.stream.AbstractPipeline.wrapAndCopyInto(AbstractPipeline.java:472)
	at java.util.stream.FindOps$FindOp.evaluateSequential(FindOps.java:152)
	at java.util.stream.AbstractPipeline.evaluate(AbstractPipeline.java:234)
	at java.util.stream.ReferencePipeline.findFirst(ReferencePipeline.java:464)
	at org.openqa.selenium.remote.ProtocolHandshake.createSession(ProtocolHandshake.java:128)
	at org.openqa.selenium.remote.ProtocolHandshake.createSession(ProtocolHandshake.java:74)
	at org.openqa.selenium.remote.HttpCommandExecutor.execute(HttpCommandExecutor.java:136)
	at org.openqa.selenium.remote.service.DriverCommandExecutor.execute(DriverCommandExecutor.java:83)
	at org.openqa.selenium.remote.RemoteWebDriver.execute(RemoteWebDriver.java:552)
	at org.openqa.selenium.remote.RemoteWebDriver.startSession(RemoteWebDriver.java:213)
	at org.openqa.selenium.remote.RemoteWebDriver.<init>(RemoteWebDriver.java:131)
	at org.openqa.selenium.chrome.ChromeDriver.<init>(ChromeDriver.java:181)
	at org.openqa.selenium.chrome.ChromeDriver.<init>(ChromeDriver.java:168)
	at org.openqa.selenium.chrome.ChromeDriver.<init>(ChromeDriver.java:123)
	at configuration.BaseClass.setUp(BaseClass.java:51)
	at sun.reflect.NativeMethodAccessorImpl.invoke0(Native Method)
	at sun.reflect.NativeMethodAccessorImpl.invoke(NativeMethodAccessorImpl.java:62)
	at sun.reflect.DelegatingMethodAccessorImpl.invoke(DelegatingMethodAccessorImpl.java:43)
	at java.lang.reflect.Method.invoke(Method.java:498)
	at org.testng.internal.MethodInvocationHelper.invokeMethod(MethodInvocationHelper.java:86)
	at org.testng.internal.Invoker.invokeConfigurationMethod(Invoker.java:515)
	at org.testng.internal.Invoker.invokeConfigurations(Invoker.java:216)
	at org.testng.internal.Invoker.invokeConfigurations(Invoker.java:143)
	at org.testng.TestRunner.beforeRun(TestRunner.java:656)
	at org.testng.TestRunner.run(TestRunner.java:624)
	at org.testng.SuiteRunner.runTest(SuiteRunner.java:366)
	at org.testng.SuiteRunner.runSequentially(SuiteRunner.java:361)
	at org.testng.SuiteRunner.privateRun(SuiteRunner.java:319)
	at org.testng.SuiteRunner.run(SuiteRunner.java:268)
	at org.testng.SuiteRunnerWorker.runSuite(SuiteRunnerWorker.java:52)
	at org.testng.SuiteRunnerWorker.run(SuiteRunnerWorker.java:86)
	at org.testng.TestNG.runSuitesSequentially(TestNG.java:1225)
	at org.testng.TestNG.runSuitesLocally(TestNG.java:1150)
	at org.testng.TestNG.runSuites(TestNG.java:1075)
	at org.testng.TestNG.run(TestNG.java:1047)
	at org.testng.remote.AbstractRemoteTestNG.run(AbstractRemoteTestNG.java:126)
	at org.testng.remote.RemoteTestNG.initAndRun(RemoteTestNG.java:137)
	at org.testng.remote.RemoteTestNG.main(RemoteTestNG.java:58)
]]>
    </error>
  </testcase> <!-- TC05 -->
  <testcase name="TC13" time="0.001" classname="testScripts.ShortTermHourly">
    <error type="org.openqa.selenium.SessionNotCreatedException" message="session not created: This version of ChromeDriver only supports Chrome version 86
Current browser version is 88.0.4324.190 with binary path C:\Program Files (x86)\Google\Chrome\Application\chrome.exe
Build info: version: &#039;3.141.59&#039;, revision: &#039;e82be7d358&#039;, time: &#039;2018-11-14T08:17:03&#039;
System info: host: &#039;A&#039;, ip: &#039;192.168.1.15&#039;, os.name: &#039;Windows 10&#039;, os.arch: &#039;amd64&#039;, os.version: &#039;10.0&#039;, java.version: &#039;1.8.0_251&#039;
Driver info: driver.version: ChromeDriver
remote stacktrace: Backtrace:
	Ordinal0 [0x00E7C013+3194899]
	Ordinal0 [0x00D66021+2056225]
	Ordinal0 [0x00BFF608+587272]
	Ordinal0 [0x00B81BF3+72691]
	Ordinal0 [0x00B7E229+57897]
	Ordinal0 [0x00B7C64A+50762]
	Ordinal0 [0x00BA1EE9+204521]
	Ordinal0 [0x00BA1D0D+204045]
	Ordinal0 [0x00B9FC1B+195611]
	Ordinal0 [0x00B83B7F+80767]
	Ordinal0 [0x00B84B4E+84814]
	Ordinal0 [0x00B84AD9+84697]
	Ordinal0 [0x00D7CE64+2149988]
	GetHandleVerifier [0x00FEBE95+1400773]
	GetHandleVerifier [0x00FEBB61+1399953]
	GetHandleVerifier [0x00FF31FA+1430314]
	GetHandleVerifier [0x00FEC69F+1402831]
	Ordinal0 [0x00D73D61+2112865]
	Ordinal0 [0x00D7E5CB+2155979]
	Ordinal0 [0x00D7E6F5+2156277]
	Ordinal0 [0x00D8F26E+2224750]
	BaseThreadInitThunk [0x76A0FA29+25]
	RtlGetAppContainerNamedObjectPath [0x778B76B4+228]
	RtlGetAppContainerNamedObjectPath [0x778B7684+180]
">
      <![CDATA[org.openqa.selenium.SessionNotCreatedException: session not created: This version of ChromeDriver only supports Chrome version 86
Current browser version is 88.0.4324.190 with binary path C:\Program Files (x86)\Google\Chrome\Application\chrome.exe
Build info: version: '3.141.59', revision: 'e82be7d358', time: '2018-11-14T08:17:03'
System info: host: 'A', ip: '192.168.1.15', os.name: 'Windows 10', os.arch: 'amd64', os.version: '10.0', java.version: '1.8.0_251'
Driver info: driver.version: ChromeDriver
remote stacktrace: Backtrace:
	Ordinal0 [0x00E7C013+3194899]
	Ordinal0 [0x00D66021+2056225]
	Ordinal0 [0x00BFF608+587272]
	Ordinal0 [0x00B81BF3+72691]
	Ordinal0 [0x00B7E229+57897]
	Ordinal0 [0x00B7C64A+50762]
	Ordinal0 [0x00BA1EE9+204521]
	Ordinal0 [0x00BA1D0D+204045]
	Ordinal0 [0x00B9FC1B+195611]
	Ordinal0 [0x00B83B7F+80767]
	Ordinal0 [0x00B84B4E+84814]
	Ordinal0 [0x00B84AD9+84697]
	Ordinal0 [0x00D7CE64+2149988]
	GetHandleVerifier [0x00FEBE95+1400773]
	GetHandleVerifier [0x00FEBB61+1399953]
	GetHandleVerifier [0x00FF31FA+1430314]
	GetHandleVerifier [0x00FEC69F+1402831]
	Ordinal0 [0x00D73D61+2112865]
	Ordinal0 [0x00D7E5CB+2155979]
	Ordinal0 [0x00D7E6F5+2156277]
	Ordinal0 [0x00D8F26E+2224750]
	BaseThreadInitThunk [0x76A0FA29+25]
	RtlGetAppContainerNamedObjectPath [0x778B76B4+228]
	RtlGetAppContainerNamedObjectPath [0x778B7684+180]

	at sun.reflect.NativeConstructorAccessorImpl.newInstance0(Native Method)
	at sun.reflect.NativeConstructorAccessorImpl.newInstance(NativeConstructorAccessorImpl.java:62)
	at sun.reflect.DelegatingConstructorAccessorImpl.newInstance(DelegatingConstructorAccessorImpl.java:45)
	at java.lang.reflect.Constructor.newInstance(Constructor.java:423)
	at org.openqa.selenium.remote.W3CHandshakeResponse.lambda$errorHandler$0(W3CHandshakeResponse.java:62)
	at org.openqa.selenium.remote.HandshakeResponse.lambda$getResponseFunction$0(HandshakeResponse.java:30)
	at org.openqa.selenium.remote.ProtocolHandshake.lambda$createSession$0(ProtocolHandshake.java:126)
	at java.util.stream.ReferencePipeline$3$1.accept(ReferencePipeline.java:193)
	at java.util.Spliterators$ArraySpliterator.tryAdvance(Spliterators.java:958)
	at java.util.stream.ReferencePipeline.forEachWithCancel(ReferencePipeline.java:126)
	at java.util.stream.AbstractPipeline.copyIntoWithCancel(AbstractPipeline.java:499)
	at java.util.stream.AbstractPipeline.copyInto(AbstractPipeline.java:486)
	at java.util.stream.AbstractPipeline.wrapAndCopyInto(AbstractPipeline.java:472)
	at java.util.stream.FindOps$FindOp.evaluateSequential(FindOps.java:152)
	at java.util.stream.AbstractPipeline.evaluate(AbstractPipeline.java:234)
	at java.util.stream.ReferencePipeline.findFirst(ReferencePipeline.java:464)
	at org.openqa.selenium.remote.ProtocolHandshake.createSession(ProtocolHandshake.java:128)
	at org.openqa.selenium.remote.ProtocolHandshake.createSession(ProtocolHandshake.java:74)
	at org.openqa.selenium.remote.HttpCommandExecutor.execute(HttpCommandExecutor.java:136)
	at org.openqa.selenium.remote.service.DriverCommandExecutor.execute(DriverCommandExecutor.java:83)
	at org.openqa.selenium.remote.RemoteWebDriver.execute(RemoteWebDriver.java:552)
	at org.openqa.selenium.remote.RemoteWebDriver.startSession(RemoteWebDriver.java:213)
	at org.openqa.selenium.remote.RemoteWebDriver.<init>(RemoteWebDriver.java:131)
	at org.openqa.selenium.chrome.ChromeDriver.<init>(ChromeDriver.java:181)
	at org.openqa.selenium.chrome.ChromeDriver.<init>(ChromeDriver.java:168)
	at org.openqa.selenium.chrome.ChromeDriver.<init>(ChromeDriver.java:123)
	at configuration.BaseClass.setUp(BaseClass.java:51)
	at sun.reflect.NativeMethodAccessorImpl.invoke0(Native Method)
	at sun.reflect.NativeMethodAccessorImpl.invoke(NativeMethodAccessorImpl.java:62)
	at sun.reflect.DelegatingMethodAccessorImpl.invoke(DelegatingMethodAccessorImpl.java:43)
	at java.lang.reflect.Method.invoke(Method.java:498)
	at org.testng.internal.MethodInvocationHelper.invokeMethod(MethodInvocationHelper.java:86)
	at org.testng.internal.Invoker.invokeConfigurationMethod(Invoker.java:515)
	at org.testng.internal.Invoker.invokeConfigurations(Invoker.java:216)
	at org.testng.internal.Invoker.invokeConfigurations(Invoker.java:143)
	at org.testng.TestRunner.beforeRun(TestRunner.java:656)
	at org.testng.TestRunner.run(TestRunner.java:624)
	at org.testng.SuiteRunner.runTest(SuiteRunner.java:366)
	at org.testng.SuiteRunner.runSequentially(SuiteRunner.java:361)
	at org.testng.SuiteRunner.privateRun(SuiteRunner.java:319)
	at org.testng.SuiteRunner.run(SuiteRunner.java:268)
	at org.testng.SuiteRunnerWorker.runSuite(SuiteRunnerWorker.java:52)
	at org.testng.SuiteRunnerWorker.run(SuiteRunnerWorker.java:86)
	at org.testng.TestNG.runSuitesSequentially(TestNG.java:1225)
	at org.testng.TestNG.runSuitesLocally(TestNG.java:1150)
	at org.testng.TestNG.runSuites(TestNG.java:1075)
	at org.testng.TestNG.run(TestNG.java:1047)
	at org.testng.remote.AbstractRemoteTestNG.run(AbstractRemoteTestNG.java:126)
	at org.testng.remote.RemoteTestNG.initAndRun(RemoteTestNG.java:137)
	at org.testng.remote.RemoteTestNG.main(RemoteTestNG.java:58)
]]>
    </error>
  </testcase> <!-- TC13 -->
  <testcase name="TC02" time="0.002" classname="testScripts.ShortTermHourly">
    <error type="org.openqa.selenium.SessionNotCreatedException" message="session not created: This version of ChromeDriver only supports Chrome version 86
Current browser version is 88.0.4324.190 with binary path C:\Program Files (x86)\Google\Chrome\Application\chrome.exe
Build info: version: &#039;3.141.59&#039;, revision: &#039;e82be7d358&#039;, time: &#039;2018-11-14T08:17:03&#039;
System info: host: &#039;A&#039;, ip: &#039;192.168.1.15&#039;, os.name: &#039;Windows 10&#039;, os.arch: &#039;amd64&#039;, os.version: &#039;10.0&#039;, java.version: &#039;1.8.0_251&#039;
Driver info: driver.version: ChromeDriver
remote stacktrace: Backtrace:
	Ordinal0 [0x00E7C013+3194899]
	Ordinal0 [0x00D66021+2056225]
	Ordinal0 [0x00BFF608+587272]
	Ordinal0 [0x00B81BF3+72691]
	Ordinal0 [0x00B7E229+57897]
	Ordinal0 [0x00B7C64A+50762]
	Ordinal0 [0x00BA1EE9+204521]
	Ordinal0 [0x00BA1D0D+204045]
	Ordinal0 [0x00B9FC1B+195611]
	Ordinal0 [0x00B83B7F+80767]
	Ordinal0 [0x00B84B4E+84814]
	Ordinal0 [0x00B84AD9+84697]
	Ordinal0 [0x00D7CE64+2149988]
	GetHandleVerifier [0x00FEBE95+1400773]
	GetHandleVerifier [0x00FEBB61+1399953]
	GetHandleVerifier [0x00FF31FA+1430314]
	GetHandleVerifier [0x00FEC69F+1402831]
	Ordinal0 [0x00D73D61+2112865]
	Ordinal0 [0x00D7E5CB+2155979]
	Ordinal0 [0x00D7E6F5+2156277]
	Ordinal0 [0x00D8F26E+2224750]
	BaseThreadInitThunk [0x76A0FA29+25]
	RtlGetAppContainerNamedObjectPath [0x778B76B4+228]
	RtlGetAppContainerNamedObjectPath [0x778B7684+180]
">
      <![CDATA[org.openqa.selenium.SessionNotCreatedException: session not created: This version of ChromeDriver only supports Chrome version 86
Current browser version is 88.0.4324.190 with binary path C:\Program Files (x86)\Google\Chrome\Application\chrome.exe
Build info: version: '3.141.59', revision: 'e82be7d358', time: '2018-11-14T08:17:03'
System info: host: 'A', ip: '192.168.1.15', os.name: 'Windows 10', os.arch: 'amd64', os.version: '10.0', java.version: '1.8.0_251'
Driver info: driver.version: ChromeDriver
remote stacktrace: Backtrace:
	Ordinal0 [0x00E7C013+3194899]
	Ordinal0 [0x00D66021+2056225]
	Ordinal0 [0x00BFF608+587272]
	Ordinal0 [0x00B81BF3+72691]
	Ordinal0 [0x00B7E229+57897]
	Ordinal0 [0x00B7C64A+50762]
	Ordinal0 [0x00BA1EE9+204521]
	Ordinal0 [0x00BA1D0D+204045]
	Ordinal0 [0x00B9FC1B+195611]
	Ordinal0 [0x00B83B7F+80767]
	Ordinal0 [0x00B84B4E+84814]
	Ordinal0 [0x00B84AD9+84697]
	Ordinal0 [0x00D7CE64+2149988]
	GetHandleVerifier [0x00FEBE95+1400773]
	GetHandleVerifier [0x00FEBB61+1399953]
	GetHandleVerifier [0x00FF31FA+1430314]
	GetHandleVerifier [0x00FEC69F+1402831]
	Ordinal0 [0x00D73D61+2112865]
	Ordinal0 [0x00D7E5CB+2155979]
	Ordinal0 [0x00D7E6F5+2156277]
	Ordinal0 [0x00D8F26E+2224750]
	BaseThreadInitThunk [0x76A0FA29+25]
	RtlGetAppContainerNamedObjectPath [0x778B76B4+228]
	RtlGetAppContainerNamedObjectPath [0x778B7684+180]

	at sun.reflect.NativeConstructorAccessorImpl.newInstance0(Native Method)
	at sun.reflect.NativeConstructorAccessorImpl.newInstance(NativeConstructorAccessorImpl.java:62)
	at sun.reflect.DelegatingConstructorAccessorImpl.newInstance(DelegatingConstructorAccessorImpl.java:45)
	at java.lang.reflect.Constructor.newInstance(Constructor.java:423)
	at org.openqa.selenium.remote.W3CHandshakeResponse.lambda$errorHandler$0(W3CHandshakeResponse.java:62)
	at org.openqa.selenium.remote.HandshakeResponse.lambda$getResponseFunction$0(HandshakeResponse.java:30)
	at org.openqa.selenium.remote.ProtocolHandshake.lambda$createSession$0(ProtocolHandshake.java:126)
	at java.util.stream.ReferencePipeline$3$1.accept(ReferencePipeline.java:193)
	at java.util.Spliterators$ArraySpliterator.tryAdvance(Spliterators.java:958)
	at java.util.stream.ReferencePipeline.forEachWithCancel(ReferencePipeline.java:126)
	at java.util.stream.AbstractPipeline.copyIntoWithCancel(AbstractPipeline.java:499)
	at java.util.stream.AbstractPipeline.copyInto(AbstractPipeline.java:486)
	at java.util.stream.AbstractPipeline.wrapAndCopyInto(AbstractPipeline.java:472)
	at java.util.stream.FindOps$FindOp.evaluateSequential(FindOps.java:152)
	at java.util.stream.AbstractPipeline.evaluate(AbstractPipeline.java:234)
	at java.util.stream.ReferencePipeline.findFirst(ReferencePipeline.java:464)
	at org.openqa.selenium.remote.ProtocolHandshake.createSession(ProtocolHandshake.java:128)
	at org.openqa.selenium.remote.ProtocolHandshake.createSession(ProtocolHandshake.java:74)
	at org.openqa.selenium.remote.HttpCommandExecutor.execute(HttpCommandExecutor.java:136)
	at org.openqa.selenium.remote.service.DriverCommandExecutor.execute(DriverCommandExecutor.java:83)
	at org.openqa.selenium.remote.RemoteWebDriver.execute(RemoteWebDriver.java:552)
	at org.openqa.selenium.remote.RemoteWebDriver.startSession(RemoteWebDriver.java:213)
	at org.openqa.selenium.remote.RemoteWebDriver.<init>(RemoteWebDriver.java:131)
	at org.openqa.selenium.chrome.ChromeDriver.<init>(ChromeDriver.java:181)
	at org.openqa.selenium.chrome.ChromeDriver.<init>(ChromeDriver.java:168)
	at org.openqa.selenium.chrome.ChromeDriver.<init>(ChromeDriver.java:123)
	at configuration.BaseClass.setUp(BaseClass.java:51)
	at sun.reflect.NativeMethodAccessorImpl.invoke0(Native Method)
	at sun.reflect.NativeMethodAccessorImpl.invoke(NativeMethodAccessorImpl.java:62)
	at sun.reflect.DelegatingMethodAccessorImpl.invoke(DelegatingMethodAccessorImpl.java:43)
	at java.lang.reflect.Method.invoke(Method.java:498)
	at org.testng.internal.MethodInvocationHelper.invokeMethod(MethodInvocationHelper.java:86)
	at org.testng.internal.Invoker.invokeConfigurationMethod(Invoker.java:515)
	at org.testng.internal.Invoker.invokeConfigurations(Invoker.java:216)
	at org.testng.internal.Invoker.invokeConfigurations(Invoker.java:143)
	at org.testng.TestRunner.beforeRun(TestRunner.java:656)
	at org.testng.TestRunner.run(TestRunner.java:624)
	at org.testng.SuiteRunner.runTest(SuiteRunner.java:366)
	at org.testng.SuiteRunner.runSequentially(SuiteRunner.java:361)
	at org.testng.SuiteRunner.privateRun(SuiteRunner.java:319)
	at org.testng.SuiteRunner.run(SuiteRunner.java:268)
	at org.testng.SuiteRunnerWorker.runSuite(SuiteRunnerWorker.java:52)
	at org.testng.SuiteRunnerWorker.run(SuiteRunnerWorker.java:86)
	at org.testng.TestNG.runSuitesSequentially(TestNG.java:1225)
	at org.testng.TestNG.runSuitesLocally(TestNG.java:1150)
	at org.testng.TestNG.runSuites(TestNG.java:1075)
	at org.testng.TestNG.run(TestNG.java:1047)
	at org.testng.remote.AbstractRemoteTestNG.run(AbstractRemoteTestNG.java:126)
	at org.testng.remote.RemoteTestNG.initAndRun(RemoteTestNG.java:137)
	at org.testng.remote.RemoteTestNG.main(RemoteTestNG.java:58)
]]>
    </error>
  </testcase> <!-- TC02 -->
  <testcase name="TC11" time="0.002" classname="testScripts.ShortTermHourly">
    <error type="org.openqa.selenium.SessionNotCreatedException" message="session not created: This version of ChromeDriver only supports Chrome version 86
Current browser version is 88.0.4324.190 with binary path C:\Program Files (x86)\Google\Chrome\Application\chrome.exe
Build info: version: &#039;3.141.59&#039;, revision: &#039;e82be7d358&#039;, time: &#039;2018-11-14T08:17:03&#039;
System info: host: &#039;A&#039;, ip: &#039;192.168.1.15&#039;, os.name: &#039;Windows 10&#039;, os.arch: &#039;amd64&#039;, os.version: &#039;10.0&#039;, java.version: &#039;1.8.0_251&#039;
Driver info: driver.version: ChromeDriver
remote stacktrace: Backtrace:
	Ordinal0 [0x00E7C013+3194899]
	Ordinal0 [0x00D66021+2056225]
	Ordinal0 [0x00BFF608+587272]
	Ordinal0 [0x00B81BF3+72691]
	Ordinal0 [0x00B7E229+57897]
	Ordinal0 [0x00B7C64A+50762]
	Ordinal0 [0x00BA1EE9+204521]
	Ordinal0 [0x00BA1D0D+204045]
	Ordinal0 [0x00B9FC1B+195611]
	Ordinal0 [0x00B83B7F+80767]
	Ordinal0 [0x00B84B4E+84814]
	Ordinal0 [0x00B84AD9+84697]
	Ordinal0 [0x00D7CE64+2149988]
	GetHandleVerifier [0x00FEBE95+1400773]
	GetHandleVerifier [0x00FEBB61+1399953]
	GetHandleVerifier [0x00FF31FA+1430314]
	GetHandleVerifier [0x00FEC69F+1402831]
	Ordinal0 [0x00D73D61+2112865]
	Ordinal0 [0x00D7E5CB+2155979]
	Ordinal0 [0x00D7E6F5+2156277]
	Ordinal0 [0x00D8F26E+2224750]
	BaseThreadInitThunk [0x76A0FA29+25]
	RtlGetAppContainerNamedObjectPath [0x778B76B4+228]
	RtlGetAppContainerNamedObjectPath [0x778B7684+180]
">
      <![CDATA[org.openqa.selenium.SessionNotCreatedException: session not created: This version of ChromeDriver only supports Chrome version 86
Current browser version is 88.0.4324.190 with binary path C:\Program Files (x86)\Google\Chrome\Application\chrome.exe
Build info: version: '3.141.59', revision: 'e82be7d358', time: '2018-11-14T08:17:03'
System info: host: 'A', ip: '192.168.1.15', os.name: 'Windows 10', os.arch: 'amd64', os.version: '10.0', java.version: '1.8.0_251'
Driver info: driver.version: ChromeDriver
remote stacktrace: Backtrace:
	Ordinal0 [0x00E7C013+3194899]
	Ordinal0 [0x00D66021+2056225]
	Ordinal0 [0x00BFF608+587272]
	Ordinal0 [0x00B81BF3+72691]
	Ordinal0 [0x00B7E229+57897]
	Ordinal0 [0x00B7C64A+50762]
	Ordinal0 [0x00BA1EE9+204521]
	Ordinal0 [0x00BA1D0D+204045]
	Ordinal0 [0x00B9FC1B+195611]
	Ordinal0 [0x00B83B7F+80767]
	Ordinal0 [0x00B84B4E+84814]
	Ordinal0 [0x00B84AD9+84697]
	Ordinal0 [0x00D7CE64+2149988]
	GetHandleVerifier [0x00FEBE95+1400773]
	GetHandleVerifier [0x00FEBB61+1399953]
	GetHandleVerifier [0x00FF31FA+1430314]
	GetHandleVerifier [0x00FEC69F+1402831]
	Ordinal0 [0x00D73D61+2112865]
	Ordinal0 [0x00D7E5CB+2155979]
	Ordinal0 [0x00D7E6F5+2156277]
	Ordinal0 [0x00D8F26E+2224750]
	BaseThreadInitThunk [0x76A0FA29+25]
	RtlGetAppContainerNamedObjectPath [0x778B76B4+228]
	RtlGetAppContainerNamedObjectPath [0x778B7684+180]

	at sun.reflect.NativeConstructorAccessorImpl.newInstance0(Native Method)
	at sun.reflect.NativeConstructorAccessorImpl.newInstance(NativeConstructorAccessorImpl.java:62)
	at sun.reflect.DelegatingConstructorAccessorImpl.newInstance(DelegatingConstructorAccessorImpl.java:45)
	at java.lang.reflect.Constructor.newInstance(Constructor.java:423)
	at org.openqa.selenium.remote.W3CHandshakeResponse.lambda$errorHandler$0(W3CHandshakeResponse.java:62)
	at org.openqa.selenium.remote.HandshakeResponse.lambda$getResponseFunction$0(HandshakeResponse.java:30)
	at org.openqa.selenium.remote.ProtocolHandshake.lambda$createSession$0(ProtocolHandshake.java:126)
	at java.util.stream.ReferencePipeline$3$1.accept(ReferencePipeline.java:193)
	at java.util.Spliterators$ArraySpliterator.tryAdvance(Spliterators.java:958)
	at java.util.stream.ReferencePipeline.forEachWithCancel(ReferencePipeline.java:126)
	at java.util.stream.AbstractPipeline.copyIntoWithCancel(AbstractPipeline.java:499)
	at java.util.stream.AbstractPipeline.copyInto(AbstractPipeline.java:486)
	at java.util.stream.AbstractPipeline.wrapAndCopyInto(AbstractPipeline.java:472)
	at java.util.stream.FindOps$FindOp.evaluateSequential(FindOps.java:152)
	at java.util.stream.AbstractPipeline.evaluate(AbstractPipeline.java:234)
	at java.util.stream.ReferencePipeline.findFirst(ReferencePipeline.java:464)
	at org.openqa.selenium.remote.ProtocolHandshake.createSession(ProtocolHandshake.java:128)
	at org.openqa.selenium.remote.ProtocolHandshake.createSession(ProtocolHandshake.java:74)
	at org.openqa.selenium.remote.HttpCommandExecutor.execute(HttpCommandExecutor.java:136)
	at org.openqa.selenium.remote.service.DriverCommandExecutor.execute(DriverCommandExecutor.java:83)
	at org.openqa.selenium.remote.RemoteWebDriver.execute(RemoteWebDriver.java:552)
	at org.openqa.selenium.remote.RemoteWebDriver.startSession(RemoteWebDriver.java:213)
	at org.openqa.selenium.remote.RemoteWebDriver.<init>(RemoteWebDriver.java:131)
	at org.openqa.selenium.chrome.ChromeDriver.<init>(ChromeDriver.java:181)
	at org.openqa.selenium.chrome.ChromeDriver.<init>(ChromeDriver.java:168)
	at org.openqa.selenium.chrome.ChromeDriver.<init>(ChromeDriver.java:123)
	at configuration.BaseClass.setUp(BaseClass.java:51)
	at sun.reflect.NativeMethodAccessorImpl.invoke0(Native Method)
	at sun.reflect.NativeMethodAccessorImpl.invoke(NativeMethodAccessorImpl.java:62)
	at sun.reflect.DelegatingMethodAccessorImpl.invoke(DelegatingMethodAccessorImpl.java:43)
	at java.lang.reflect.Method.invoke(Method.java:498)
	at org.testng.internal.MethodInvocationHelper.invokeMethod(MethodInvocationHelper.java:86)
	at org.testng.internal.Invoker.invokeConfigurationMethod(Invoker.java:515)
	at org.testng.internal.Invoker.invokeConfigurations(Invoker.java:216)
	at org.testng.internal.Invoker.invokeConfigurations(Invoker.java:143)
	at org.testng.TestRunner.beforeRun(TestRunner.java:656)
	at org.testng.TestRunner.run(TestRunner.java:624)
	at org.testng.SuiteRunner.runTest(SuiteRunner.java:366)
	at org.testng.SuiteRunner.runSequentially(SuiteRunner.java:361)
	at org.testng.SuiteRunner.privateRun(SuiteRunner.java:319)
	at org.testng.SuiteRunner.run(SuiteRunner.java:268)
	at org.testng.SuiteRunnerWorker.runSuite(SuiteRunnerWorker.java:52)
	at org.testng.SuiteRunnerWorker.run(SuiteRunnerWorker.java:86)
	at org.testng.TestNG.runSuitesSequentially(TestNG.java:1225)
	at org.testng.TestNG.runSuitesLocally(TestNG.java:1150)
	at org.testng.TestNG.runSuites(TestNG.java:1075)
	at org.testng.TestNG.run(TestNG.java:1047)
	at org.testng.remote.AbstractRemoteTestNG.run(AbstractRemoteTestNG.java:126)
	at org.testng.remote.RemoteTestNG.initAndRun(RemoteTestNG.java:137)
	at org.testng.remote.RemoteTestNG.main(RemoteTestNG.java:58)
]]>
    </error>
  </testcase> <!-- TC11 -->
  <testcase name="TC20" time="0.003" classname="testScripts.ShortTermHourly">
    <error type="org.openqa.selenium.SessionNotCreatedException" message="session not created: This version of ChromeDriver only supports Chrome version 86
Current browser version is 88.0.4324.190 with binary path C:\Program Files (x86)\Google\Chrome\Application\chrome.exe
Build info: version: &#039;3.141.59&#039;, revision: &#039;e82be7d358&#039;, time: &#039;2018-11-14T08:17:03&#039;
System info: host: &#039;A&#039;, ip: &#039;192.168.1.15&#039;, os.name: &#039;Windows 10&#039;, os.arch: &#039;amd64&#039;, os.version: &#039;10.0&#039;, java.version: &#039;1.8.0_251&#039;
Driver info: driver.version: ChromeDriver
remote stacktrace: Backtrace:
	Ordinal0 [0x00E7C013+3194899]
	Ordinal0 [0x00D66021+2056225]
	Ordinal0 [0x00BFF608+587272]
	Ordinal0 [0x00B81BF3+72691]
	Ordinal0 [0x00B7E229+57897]
	Ordinal0 [0x00B7C64A+50762]
	Ordinal0 [0x00BA1EE9+204521]
	Ordinal0 [0x00BA1D0D+204045]
	Ordinal0 [0x00B9FC1B+195611]
	Ordinal0 [0x00B83B7F+80767]
	Ordinal0 [0x00B84B4E+84814]
	Ordinal0 [0x00B84AD9+84697]
	Ordinal0 [0x00D7CE64+2149988]
	GetHandleVerifier [0x00FEBE95+1400773]
	GetHandleVerifier [0x00FEBB61+1399953]
	GetHandleVerifier [0x00FF31FA+1430314]
	GetHandleVerifier [0x00FEC69F+1402831]
	Ordinal0 [0x00D73D61+2112865]
	Ordinal0 [0x00D7E5CB+2155979]
	Ordinal0 [0x00D7E6F5+2156277]
	Ordinal0 [0x00D8F26E+2224750]
	BaseThreadInitThunk [0x76A0FA29+25]
	RtlGetAppContainerNamedObjectPath [0x778B76B4+228]
	RtlGetAppContainerNamedObjectPath [0x778B7684+180]
">
      <![CDATA[org.openqa.selenium.SessionNotCreatedException: session not created: This version of ChromeDriver only supports Chrome version 86
Current browser version is 88.0.4324.190 with binary path C:\Program Files (x86)\Google\Chrome\Application\chrome.exe
Build info: version: '3.141.59', revision: 'e82be7d358', time: '2018-11-14T08:17:03'
System info: host: 'A', ip: '192.168.1.15', os.name: 'Windows 10', os.arch: 'amd64', os.version: '10.0', java.version: '1.8.0_251'
Driver info: driver.version: ChromeDriver
remote stacktrace: Backtrace:
	Ordinal0 [0x00E7C013+3194899]
	Ordinal0 [0x00D66021+2056225]
	Ordinal0 [0x00BFF608+587272]
	Ordinal0 [0x00B81BF3+72691]
	Ordinal0 [0x00B7E229+57897]
	Ordinal0 [0x00B7C64A+50762]
	Ordinal0 [0x00BA1EE9+204521]
	Ordinal0 [0x00BA1D0D+204045]
	Ordinal0 [0x00B9FC1B+195611]
	Ordinal0 [0x00B83B7F+80767]
	Ordinal0 [0x00B84B4E+84814]
	Ordinal0 [0x00B84AD9+84697]
	Ordinal0 [0x00D7CE64+2149988]
	GetHandleVerifier [0x00FEBE95+1400773]
	GetHandleVerifier [0x00FEBB61+1399953]
	GetHandleVerifier [0x00FF31FA+1430314]
	GetHandleVerifier [0x00FEC69F+1402831]
	Ordinal0 [0x00D73D61+2112865]
	Ordinal0 [0x00D7E5CB+2155979]
	Ordinal0 [0x00D7E6F5+2156277]
	Ordinal0 [0x00D8F26E+2224750]
	BaseThreadInitThunk [0x76A0FA29+25]
	RtlGetAppContainerNamedObjectPath [0x778B76B4+228]
	RtlGetAppContainerNamedObjectPath [0x778B7684+180]

	at sun.reflect.NativeConstructorAccessorImpl.newInstance0(Native Method)
	at sun.reflect.NativeConstructorAccessorImpl.newInstance(NativeConstructorAccessorImpl.java:62)
	at sun.reflect.DelegatingConstructorAccessorImpl.newInstance(DelegatingConstructorAccessorImpl.java:45)
	at java.lang.reflect.Constructor.newInstance(Constructor.java:423)
	at org.openqa.selenium.remote.W3CHandshakeResponse.lambda$errorHandler$0(W3CHandshakeResponse.java:62)
	at org.openqa.selenium.remote.HandshakeResponse.lambda$getResponseFunction$0(HandshakeResponse.java:30)
	at org.openqa.selenium.remote.ProtocolHandshake.lambda$createSession$0(ProtocolHandshake.java:126)
	at java.util.stream.ReferencePipeline$3$1.accept(ReferencePipeline.java:193)
	at java.util.Spliterators$ArraySpliterator.tryAdvance(Spliterators.java:958)
	at java.util.stream.ReferencePipeline.forEachWithCancel(ReferencePipeline.java:126)
	at java.util.stream.AbstractPipeline.copyIntoWithCancel(AbstractPipeline.java:499)
	at java.util.stream.AbstractPipeline.copyInto(AbstractPipeline.java:486)
	at java.util.stream.AbstractPipeline.wrapAndCopyInto(AbstractPipeline.java:472)
	at java.util.stream.FindOps$FindOp.evaluateSequential(FindOps.java:152)
	at java.util.stream.AbstractPipeline.evaluate(AbstractPipeline.java:234)
	at java.util.stream.ReferencePipeline.findFirst(ReferencePipeline.java:464)
	at org.openqa.selenium.remote.ProtocolHandshake.createSession(ProtocolHandshake.java:128)
	at org.openqa.selenium.remote.ProtocolHandshake.createSession(ProtocolHandshake.java:74)
	at org.openqa.selenium.remote.HttpCommandExecutor.execute(HttpCommandExecutor.java:136)
	at org.openqa.selenium.remote.service.DriverCommandExecutor.execute(DriverCommandExecutor.java:83)
	at org.openqa.selenium.remote.RemoteWebDriver.execute(RemoteWebDriver.java:552)
	at org.openqa.selenium.remote.RemoteWebDriver.startSession(RemoteWebDriver.java:213)
	at org.openqa.selenium.remote.RemoteWebDriver.<init>(RemoteWebDriver.java:131)
	at org.openqa.selenium.chrome.ChromeDriver.<init>(ChromeDriver.java:181)
	at org.openqa.selenium.chrome.ChromeDriver.<init>(ChromeDriver.java:168)
	at org.openqa.selenium.chrome.ChromeDriver.<init>(ChromeDriver.java:123)
	at configuration.BaseClass.setUp(BaseClass.java:51)
	at sun.reflect.NativeMethodAccessorImpl.invoke0(Native Method)
	at sun.reflect.NativeMethodAccessorImpl.invoke(NativeMethodAccessorImpl.java:62)
	at sun.reflect.DelegatingMethodAccessorImpl.invoke(DelegatingMethodAccessorImpl.java:43)
	at java.lang.reflect.Method.invoke(Method.java:498)
	at org.testng.internal.MethodInvocationHelper.invokeMethod(MethodInvocationHelper.java:86)
	at org.testng.internal.Invoker.invokeConfigurationMethod(Invoker.java:515)
	at org.testng.internal.Invoker.invokeConfigurations(Invoker.java:216)
	at org.testng.internal.Invoker.invokeConfigurations(Invoker.java:143)
	at org.testng.TestRunner.beforeRun(TestRunner.java:656)
	at org.testng.TestRunner.run(TestRunner.java:624)
	at org.testng.SuiteRunner.runTest(SuiteRunner.java:366)
	at org.testng.SuiteRunner.runSequentially(SuiteRunner.java:361)
	at org.testng.SuiteRunner.privateRun(SuiteRunner.java:319)
	at org.testng.SuiteRunner.run(SuiteRunner.java:268)
	at org.testng.SuiteRunnerWorker.runSuite(SuiteRunnerWorker.java:52)
	at org.testng.SuiteRunnerWorker.run(SuiteRunnerWorker.java:86)
	at org.testng.TestNG.runSuitesSequentially(TestNG.java:1225)
	at org.testng.TestNG.runSuitesLocally(TestNG.java:1150)
	at org.testng.TestNG.runSuites(TestNG.java:1075)
	at org.testng.TestNG.run(TestNG.java:1047)
	at org.testng.remote.AbstractRemoteTestNG.run(AbstractRemoteTestNG.java:126)
	at org.testng.remote.RemoteTestNG.initAndRun(RemoteTestNG.java:137)
	at org.testng.remote.RemoteTestNG.main(RemoteTestNG.java:58)
]]>
    </error>
  </testcase> <!-- TC20 -->
</testsuite> <!-- testScripts.ShortTermHourly -->
